   1              		.syntax unified
   2              		.cpu cortex-m3
   3              		.fpu softvfp
   4              		.eabi_attribute 20, 1
   5              		.eabi_attribute 21, 1
   6              		.eabi_attribute 23, 3
   7              		.eabi_attribute 24, 1
   8              		.eabi_attribute 25, 1
   9              		.eabi_attribute 26, 1
  10              		.eabi_attribute 30, 4
  11              		.eabi_attribute 18, 4
  12              		.thumb
  13              		.file	"misc.c"
  23              	.Ltext0:
  24              		.file 1 "../STM32F10x_StdPeriph_Lib_V3.4.0/Libraries/STM32F10x_StdPeriph_Driver/src/misc.c"
 19165              		.align	1
 19166              		.global	NVIC_PriorityGroupConfig
 19167              		.thumb
 19168              		.thumb_func
 19170              	NVIC_PriorityGroupConfig:
 19171              	.LFB29:
   1:../STM32F10x_StdPeriph_Lib_V3.4.0/Libraries/STM32F10x_StdPeriph_Driver/src/misc.c **** /**
   2:../STM32F10x_StdPeriph_Lib_V3.4.0/Libraries/STM32F10x_StdPeriph_Driver/src/misc.c ****   ******************************************************************************
   3:../STM32F10x_StdPeriph_Lib_V3.4.0/Libraries/STM32F10x_StdPeriph_Driver/src/misc.c ****   * @file    misc.c
   4:../STM32F10x_StdPeriph_Lib_V3.4.0/Libraries/STM32F10x_StdPeriph_Driver/src/misc.c ****   * @author  MCD Application Team
   5:../STM32F10x_StdPeriph_Lib_V3.4.0/Libraries/STM32F10x_StdPeriph_Driver/src/misc.c ****   * @version V3.4.0
   6:../STM32F10x_StdPeriph_Lib_V3.4.0/Libraries/STM32F10x_StdPeriph_Driver/src/misc.c ****   * @date    10/15/2010
   7:../STM32F10x_StdPeriph_Lib_V3.4.0/Libraries/STM32F10x_StdPeriph_Driver/src/misc.c ****   * @brief   This file provides all the miscellaneous firmware functions (add-on
   8:../STM32F10x_StdPeriph_Lib_V3.4.0/Libraries/STM32F10x_StdPeriph_Driver/src/misc.c ****   *          to CMSIS functions).
   9:../STM32F10x_StdPeriph_Lib_V3.4.0/Libraries/STM32F10x_StdPeriph_Driver/src/misc.c ****   ******************************************************************************
  10:../STM32F10x_StdPeriph_Lib_V3.4.0/Libraries/STM32F10x_StdPeriph_Driver/src/misc.c ****   * @copy
  11:../STM32F10x_StdPeriph_Lib_V3.4.0/Libraries/STM32F10x_StdPeriph_Driver/src/misc.c ****   *
  12:../STM32F10x_StdPeriph_Lib_V3.4.0/Libraries/STM32F10x_StdPeriph_Driver/src/misc.c ****   * THE PRESENT FIRMWARE WHICH IS FOR GUIDANCE ONLY AIMS AT PROVIDING CUSTOMERS
  13:../STM32F10x_StdPeriph_Lib_V3.4.0/Libraries/STM32F10x_StdPeriph_Driver/src/misc.c ****   * WITH CODING INFORMATION REGARDING THEIR PRODUCTS IN ORDER FOR THEM TO SAVE
  14:../STM32F10x_StdPeriph_Lib_V3.4.0/Libraries/STM32F10x_StdPeriph_Driver/src/misc.c ****   * TIME. AS A RESULT, STMICROELECTRONICS SHALL NOT BE HELD LIABLE FOR ANY
  15:../STM32F10x_StdPeriph_Lib_V3.4.0/Libraries/STM32F10x_StdPeriph_Driver/src/misc.c ****   * DIRECT, INDIRECT OR CONSEQUENTIAL DAMAGES WITH RESPECT TO ANY CLAIMS ARISING
  16:../STM32F10x_StdPeriph_Lib_V3.4.0/Libraries/STM32F10x_StdPeriph_Driver/src/misc.c ****   * FROM THE CONTENT OF SUCH FIRMWARE AND/OR THE USE MADE BY CUSTOMERS OF THE
  17:../STM32F10x_StdPeriph_Lib_V3.4.0/Libraries/STM32F10x_StdPeriph_Driver/src/misc.c ****   * CODING INFORMATION CONTAINED HEREIN IN CONNECTION WITH THEIR PRODUCTS.
  18:../STM32F10x_StdPeriph_Lib_V3.4.0/Libraries/STM32F10x_StdPeriph_Driver/src/misc.c ****   *
  19:../STM32F10x_StdPeriph_Lib_V3.4.0/Libraries/STM32F10x_StdPeriph_Driver/src/misc.c ****   * <h2><center>&copy; COPYRIGHT 2010 STMicroelectronics</center></h2>
  20:../STM32F10x_StdPeriph_Lib_V3.4.0/Libraries/STM32F10x_StdPeriph_Driver/src/misc.c ****   */ 
  21:../STM32F10x_StdPeriph_Lib_V3.4.0/Libraries/STM32F10x_StdPeriph_Driver/src/misc.c **** 
  22:../STM32F10x_StdPeriph_Lib_V3.4.0/Libraries/STM32F10x_StdPeriph_Driver/src/misc.c **** /* Includes ------------------------------------------------------------------*/
  23:../STM32F10x_StdPeriph_Lib_V3.4.0/Libraries/STM32F10x_StdPeriph_Driver/src/misc.c **** #include "misc.h"
  24:../STM32F10x_StdPeriph_Lib_V3.4.0/Libraries/STM32F10x_StdPeriph_Driver/src/misc.c **** 
  25:../STM32F10x_StdPeriph_Lib_V3.4.0/Libraries/STM32F10x_StdPeriph_Driver/src/misc.c **** /** @addtogroup STM32F10x_StdPeriph_Driver
  26:../STM32F10x_StdPeriph_Lib_V3.4.0/Libraries/STM32F10x_StdPeriph_Driver/src/misc.c ****   * @{
  27:../STM32F10x_StdPeriph_Lib_V3.4.0/Libraries/STM32F10x_StdPeriph_Driver/src/misc.c ****   */
  28:../STM32F10x_StdPeriph_Lib_V3.4.0/Libraries/STM32F10x_StdPeriph_Driver/src/misc.c **** 
  29:../STM32F10x_StdPeriph_Lib_V3.4.0/Libraries/STM32F10x_StdPeriph_Driver/src/misc.c **** /** @defgroup MISC 
  30:../STM32F10x_StdPeriph_Lib_V3.4.0/Libraries/STM32F10x_StdPeriph_Driver/src/misc.c ****   * @brief MISC driver modules
  31:../STM32F10x_StdPeriph_Lib_V3.4.0/Libraries/STM32F10x_StdPeriph_Driver/src/misc.c ****   * @{
  32:../STM32F10x_StdPeriph_Lib_V3.4.0/Libraries/STM32F10x_StdPeriph_Driver/src/misc.c ****   */
  33:../STM32F10x_StdPeriph_Lib_V3.4.0/Libraries/STM32F10x_StdPeriph_Driver/src/misc.c **** 
  34:../STM32F10x_StdPeriph_Lib_V3.4.0/Libraries/STM32F10x_StdPeriph_Driver/src/misc.c **** /** @defgroup MISC_Private_TypesDefinitions
  35:../STM32F10x_StdPeriph_Lib_V3.4.0/Libraries/STM32F10x_StdPeriph_Driver/src/misc.c ****   * @{
  36:../STM32F10x_StdPeriph_Lib_V3.4.0/Libraries/STM32F10x_StdPeriph_Driver/src/misc.c ****   */
  37:../STM32F10x_StdPeriph_Lib_V3.4.0/Libraries/STM32F10x_StdPeriph_Driver/src/misc.c **** 
  38:../STM32F10x_StdPeriph_Lib_V3.4.0/Libraries/STM32F10x_StdPeriph_Driver/src/misc.c **** /**
  39:../STM32F10x_StdPeriph_Lib_V3.4.0/Libraries/STM32F10x_StdPeriph_Driver/src/misc.c ****   * @}
  40:../STM32F10x_StdPeriph_Lib_V3.4.0/Libraries/STM32F10x_StdPeriph_Driver/src/misc.c ****   */ 
  41:../STM32F10x_StdPeriph_Lib_V3.4.0/Libraries/STM32F10x_StdPeriph_Driver/src/misc.c **** 
  42:../STM32F10x_StdPeriph_Lib_V3.4.0/Libraries/STM32F10x_StdPeriph_Driver/src/misc.c **** /** @defgroup MISC_Private_Defines
  43:../STM32F10x_StdPeriph_Lib_V3.4.0/Libraries/STM32F10x_StdPeriph_Driver/src/misc.c ****   * @{
  44:../STM32F10x_StdPeriph_Lib_V3.4.0/Libraries/STM32F10x_StdPeriph_Driver/src/misc.c ****   */
  45:../STM32F10x_StdPeriph_Lib_V3.4.0/Libraries/STM32F10x_StdPeriph_Driver/src/misc.c **** 
  46:../STM32F10x_StdPeriph_Lib_V3.4.0/Libraries/STM32F10x_StdPeriph_Driver/src/misc.c **** #define AIRCR_VECTKEY_MASK    ((uint32_t)0x05FA0000)
  47:../STM32F10x_StdPeriph_Lib_V3.4.0/Libraries/STM32F10x_StdPeriph_Driver/src/misc.c **** /**
  48:../STM32F10x_StdPeriph_Lib_V3.4.0/Libraries/STM32F10x_StdPeriph_Driver/src/misc.c ****   * @}
  49:../STM32F10x_StdPeriph_Lib_V3.4.0/Libraries/STM32F10x_StdPeriph_Driver/src/misc.c ****   */
  50:../STM32F10x_StdPeriph_Lib_V3.4.0/Libraries/STM32F10x_StdPeriph_Driver/src/misc.c **** 
  51:../STM32F10x_StdPeriph_Lib_V3.4.0/Libraries/STM32F10x_StdPeriph_Driver/src/misc.c **** /** @defgroup MISC_Private_Macros
  52:../STM32F10x_StdPeriph_Lib_V3.4.0/Libraries/STM32F10x_StdPeriph_Driver/src/misc.c ****   * @{
  53:../STM32F10x_StdPeriph_Lib_V3.4.0/Libraries/STM32F10x_StdPeriph_Driver/src/misc.c ****   */
  54:../STM32F10x_StdPeriph_Lib_V3.4.0/Libraries/STM32F10x_StdPeriph_Driver/src/misc.c **** 
  55:../STM32F10x_StdPeriph_Lib_V3.4.0/Libraries/STM32F10x_StdPeriph_Driver/src/misc.c **** /**
  56:../STM32F10x_StdPeriph_Lib_V3.4.0/Libraries/STM32F10x_StdPeriph_Driver/src/misc.c ****   * @}
  57:../STM32F10x_StdPeriph_Lib_V3.4.0/Libraries/STM32F10x_StdPeriph_Driver/src/misc.c ****   */
  58:../STM32F10x_StdPeriph_Lib_V3.4.0/Libraries/STM32F10x_StdPeriph_Driver/src/misc.c **** 
  59:../STM32F10x_StdPeriph_Lib_V3.4.0/Libraries/STM32F10x_StdPeriph_Driver/src/misc.c **** /** @defgroup MISC_Private_Variables
  60:../STM32F10x_StdPeriph_Lib_V3.4.0/Libraries/STM32F10x_StdPeriph_Driver/src/misc.c ****   * @{
  61:../STM32F10x_StdPeriph_Lib_V3.4.0/Libraries/STM32F10x_StdPeriph_Driver/src/misc.c ****   */
  62:../STM32F10x_StdPeriph_Lib_V3.4.0/Libraries/STM32F10x_StdPeriph_Driver/src/misc.c **** 
  63:../STM32F10x_StdPeriph_Lib_V3.4.0/Libraries/STM32F10x_StdPeriph_Driver/src/misc.c **** /**
  64:../STM32F10x_StdPeriph_Lib_V3.4.0/Libraries/STM32F10x_StdPeriph_Driver/src/misc.c ****   * @}
  65:../STM32F10x_StdPeriph_Lib_V3.4.0/Libraries/STM32F10x_StdPeriph_Driver/src/misc.c ****   */
  66:../STM32F10x_StdPeriph_Lib_V3.4.0/Libraries/STM32F10x_StdPeriph_Driver/src/misc.c **** 
  67:../STM32F10x_StdPeriph_Lib_V3.4.0/Libraries/STM32F10x_StdPeriph_Driver/src/misc.c **** /** @defgroup MISC_Private_FunctionPrototypes
  68:../STM32F10x_StdPeriph_Lib_V3.4.0/Libraries/STM32F10x_StdPeriph_Driver/src/misc.c ****   * @{
  69:../STM32F10x_StdPeriph_Lib_V3.4.0/Libraries/STM32F10x_StdPeriph_Driver/src/misc.c ****   */
  70:../STM32F10x_StdPeriph_Lib_V3.4.0/Libraries/STM32F10x_StdPeriph_Driver/src/misc.c **** 
  71:../STM32F10x_StdPeriph_Lib_V3.4.0/Libraries/STM32F10x_StdPeriph_Driver/src/misc.c **** /**
  72:../STM32F10x_StdPeriph_Lib_V3.4.0/Libraries/STM32F10x_StdPeriph_Driver/src/misc.c ****   * @}
  73:../STM32F10x_StdPeriph_Lib_V3.4.0/Libraries/STM32F10x_StdPeriph_Driver/src/misc.c ****   */
  74:../STM32F10x_StdPeriph_Lib_V3.4.0/Libraries/STM32F10x_StdPeriph_Driver/src/misc.c **** 
  75:../STM32F10x_StdPeriph_Lib_V3.4.0/Libraries/STM32F10x_StdPeriph_Driver/src/misc.c **** /** @defgroup MISC_Private_Functions
  76:../STM32F10x_StdPeriph_Lib_V3.4.0/Libraries/STM32F10x_StdPeriph_Driver/src/misc.c ****   * @{
  77:../STM32F10x_StdPeriph_Lib_V3.4.0/Libraries/STM32F10x_StdPeriph_Driver/src/misc.c ****   */
  78:../STM32F10x_StdPeriph_Lib_V3.4.0/Libraries/STM32F10x_StdPeriph_Driver/src/misc.c **** 
  79:../STM32F10x_StdPeriph_Lib_V3.4.0/Libraries/STM32F10x_StdPeriph_Driver/src/misc.c **** /**
  80:../STM32F10x_StdPeriph_Lib_V3.4.0/Libraries/STM32F10x_StdPeriph_Driver/src/misc.c ****   * @brief  Configures the priority grouping: pre-emption priority and subpriority.
  81:../STM32F10x_StdPeriph_Lib_V3.4.0/Libraries/STM32F10x_StdPeriph_Driver/src/misc.c ****   * @param  NVIC_PriorityGroup: specifies the priority grouping bits length. 
  82:../STM32F10x_StdPeriph_Lib_V3.4.0/Libraries/STM32F10x_StdPeriph_Driver/src/misc.c ****   *   This parameter can be one of the following values:
  83:../STM32F10x_StdPeriph_Lib_V3.4.0/Libraries/STM32F10x_StdPeriph_Driver/src/misc.c ****   *     @arg NVIC_PriorityGroup_0: 0 bits for pre-emption priority
  84:../STM32F10x_StdPeriph_Lib_V3.4.0/Libraries/STM32F10x_StdPeriph_Driver/src/misc.c ****   *                                4 bits for subpriority
  85:../STM32F10x_StdPeriph_Lib_V3.4.0/Libraries/STM32F10x_StdPeriph_Driver/src/misc.c ****   *     @arg NVIC_PriorityGroup_1: 1 bits for pre-emption priority
  86:../STM32F10x_StdPeriph_Lib_V3.4.0/Libraries/STM32F10x_StdPeriph_Driver/src/misc.c ****   *                                3 bits for subpriority
  87:../STM32F10x_StdPeriph_Lib_V3.4.0/Libraries/STM32F10x_StdPeriph_Driver/src/misc.c ****   *     @arg NVIC_PriorityGroup_2: 2 bits for pre-emption priority
  88:../STM32F10x_StdPeriph_Lib_V3.4.0/Libraries/STM32F10x_StdPeriph_Driver/src/misc.c ****   *                                2 bits for subpriority
  89:../STM32F10x_StdPeriph_Lib_V3.4.0/Libraries/STM32F10x_StdPeriph_Driver/src/misc.c ****   *     @arg NVIC_PriorityGroup_3: 3 bits for pre-emption priority
  90:../STM32F10x_StdPeriph_Lib_V3.4.0/Libraries/STM32F10x_StdPeriph_Driver/src/misc.c ****   *                                1 bits for subpriority
  91:../STM32F10x_StdPeriph_Lib_V3.4.0/Libraries/STM32F10x_StdPeriph_Driver/src/misc.c ****   *     @arg NVIC_PriorityGroup_4: 4 bits for pre-emption priority
  92:../STM32F10x_StdPeriph_Lib_V3.4.0/Libraries/STM32F10x_StdPeriph_Driver/src/misc.c ****   *                                0 bits for subpriority
  93:../STM32F10x_StdPeriph_Lib_V3.4.0/Libraries/STM32F10x_StdPeriph_Driver/src/misc.c ****   * @retval None
  94:../STM32F10x_StdPeriph_Lib_V3.4.0/Libraries/STM32F10x_StdPeriph_Driver/src/misc.c ****   */
  95:../STM32F10x_StdPeriph_Lib_V3.4.0/Libraries/STM32F10x_StdPeriph_Driver/src/misc.c **** void NVIC_PriorityGroupConfig(uint32_t NVIC_PriorityGroup)
  96:../STM32F10x_StdPeriph_Lib_V3.4.0/Libraries/STM32F10x_StdPeriph_Driver/src/misc.c **** {
 19172              		.loc 1 96 0
 19173              		.cfi_startproc
 19174              		@ args = 0, pretend = 0, frame = 0
 19175              		@ frame_needed = 0, uses_anonymous_args = 0
 19176              		@ link register save eliminated.
 19177              	.LVL0:
  97:../STM32F10x_StdPeriph_Lib_V3.4.0/Libraries/STM32F10x_StdPeriph_Driver/src/misc.c ****   /* Check the parameters */
  98:../STM32F10x_StdPeriph_Lib_V3.4.0/Libraries/STM32F10x_StdPeriph_Driver/src/misc.c ****   assert_param(IS_NVIC_PRIORITY_GROUP(NVIC_PriorityGroup));
  99:../STM32F10x_StdPeriph_Lib_V3.4.0/Libraries/STM32F10x_StdPeriph_Driver/src/misc.c ****   
 100:../STM32F10x_StdPeriph_Lib_V3.4.0/Libraries/STM32F10x_StdPeriph_Driver/src/misc.c ****   /* Set the PRIGROUP[10:8] bits according to NVIC_PriorityGroup value */
 101:../STM32F10x_StdPeriph_Lib_V3.4.0/Libraries/STM32F10x_StdPeriph_Driver/src/misc.c ****   SCB->AIRCR = AIRCR_VECTKEY_MASK | NVIC_PriorityGroup;
 19178              		.loc 1 101 0
 19179 0000 40F0BE60 		orr	r0, r0, #99614720
 19180              	.LVL1:
 19181 0004 024B     		ldr	r3, .L2
 19182 0006 40F42020 		orr	r0, r0, #655360
 19183 000a D860     		str	r0, [r3, #12]
 102:../STM32F10x_StdPeriph_Lib_V3.4.0/Libraries/STM32F10x_StdPeriph_Driver/src/misc.c **** }
 19184              		.loc 1 102 0
 19185 000c 7047     		bx	lr
 19186              	.L3:
 19187 000e 00BF     		.align	2
 19188              	.L2:
 19189 0010 00ED00E0 		.word	-536810240
 19190              		.cfi_endproc
 19191              	.LFE29:
 19193              		.align	1
 19194              		.global	NVIC_Init
 19195              		.thumb
 19196              		.thumb_func
 19198              	NVIC_Init:
 19199              	.LFB30:
 103:../STM32F10x_StdPeriph_Lib_V3.4.0/Libraries/STM32F10x_StdPeriph_Driver/src/misc.c **** 
 104:../STM32F10x_StdPeriph_Lib_V3.4.0/Libraries/STM32F10x_StdPeriph_Driver/src/misc.c **** /**
 105:../STM32F10x_StdPeriph_Lib_V3.4.0/Libraries/STM32F10x_StdPeriph_Driver/src/misc.c ****   * @brief  Initializes the NVIC peripheral according to the specified
 106:../STM32F10x_StdPeriph_Lib_V3.4.0/Libraries/STM32F10x_StdPeriph_Driver/src/misc.c ****   *   parameters in the NVIC_InitStruct.
 107:../STM32F10x_StdPeriph_Lib_V3.4.0/Libraries/STM32F10x_StdPeriph_Driver/src/misc.c ****   * @param  NVIC_InitStruct: pointer to a NVIC_InitTypeDef structure that contains
 108:../STM32F10x_StdPeriph_Lib_V3.4.0/Libraries/STM32F10x_StdPeriph_Driver/src/misc.c ****   *   the configuration information for the specified NVIC peripheral.
 109:../STM32F10x_StdPeriph_Lib_V3.4.0/Libraries/STM32F10x_StdPeriph_Driver/src/misc.c ****   * @retval None
 110:../STM32F10x_StdPeriph_Lib_V3.4.0/Libraries/STM32F10x_StdPeriph_Driver/src/misc.c ****   */
 111:../STM32F10x_StdPeriph_Lib_V3.4.0/Libraries/STM32F10x_StdPeriph_Driver/src/misc.c **** void NVIC_Init(NVIC_InitTypeDef* NVIC_InitStruct)
 112:../STM32F10x_StdPeriph_Lib_V3.4.0/Libraries/STM32F10x_StdPeriph_Driver/src/misc.c **** {
 19200              		.loc 1 112 0
 19201              		.cfi_startproc
 19202              		@ args = 0, pretend = 0, frame = 0
 19203              		@ frame_needed = 0, uses_anonymous_args = 0
 19204              	.LVL2:
 113:../STM32F10x_StdPeriph_Lib_V3.4.0/Libraries/STM32F10x_StdPeriph_Driver/src/misc.c ****   uint32_t tmppriority = 0x00, tmppre = 0x00, tmpsub = 0x0F;
 114:../STM32F10x_StdPeriph_Lib_V3.4.0/Libraries/STM32F10x_StdPeriph_Driver/src/misc.c ****   
 115:../STM32F10x_StdPeriph_Lib_V3.4.0/Libraries/STM32F10x_StdPeriph_Driver/src/misc.c ****   /* Check the parameters */
 116:../STM32F10x_StdPeriph_Lib_V3.4.0/Libraries/STM32F10x_StdPeriph_Driver/src/misc.c ****   assert_param(IS_FUNCTIONAL_STATE(NVIC_InitStruct->NVIC_IRQChannelCmd));
 117:../STM32F10x_StdPeriph_Lib_V3.4.0/Libraries/STM32F10x_StdPeriph_Driver/src/misc.c ****   assert_param(IS_NVIC_PREEMPTION_PRIORITY(NVIC_InitStruct->NVIC_IRQChannelPreemptionPriority));  
 118:../STM32F10x_StdPeriph_Lib_V3.4.0/Libraries/STM32F10x_StdPeriph_Driver/src/misc.c ****   assert_param(IS_NVIC_SUB_PRIORITY(NVIC_InitStruct->NVIC_IRQChannelSubPriority));
 119:../STM32F10x_StdPeriph_Lib_V3.4.0/Libraries/STM32F10x_StdPeriph_Driver/src/misc.c ****     
 120:../STM32F10x_StdPeriph_Lib_V3.4.0/Libraries/STM32F10x_StdPeriph_Driver/src/misc.c ****   if (NVIC_InitStruct->NVIC_IRQChannelCmd != DISABLE)
 19205              		.loc 1 120 0
 19206 0014 C378     		ldrb	r3, [r0, #3]	@ zero_extendqisi2
 112:../STM32F10x_StdPeriph_Lib_V3.4.0/Libraries/STM32F10x_StdPeriph_Driver/src/misc.c **** {
 19207              		.loc 1 112 0
 19208 0016 10B5     		push	{r4, lr}
 19209              	.LCFI0:
 19210              		.cfi_def_cfa_offset 8
 19211              		.loc 1 120 0
 19212 0018 EBB1     		cbz	r3, .L5
 19213              		.cfi_offset 14, -4
 19214              		.cfi_offset 4, -8
 121:../STM32F10x_StdPeriph_Lib_V3.4.0/Libraries/STM32F10x_StdPeriph_Driver/src/misc.c ****   {
 122:../STM32F10x_StdPeriph_Lib_V3.4.0/Libraries/STM32F10x_StdPeriph_Driver/src/misc.c ****     /* Compute the Corresponding IRQ Priority --------------------------------*/    
 123:../STM32F10x_StdPeriph_Lib_V3.4.0/Libraries/STM32F10x_StdPeriph_Driver/src/misc.c ****     tmppriority = (0x700 - ((SCB->AIRCR) & (uint32_t)0x700))>> 0x08;
 19215              		.loc 1 123 0
 19216 001a 154B     		ldr	r3, .L8
 124:../STM32F10x_StdPeriph_Lib_V3.4.0/Libraries/STM32F10x_StdPeriph_Driver/src/misc.c ****     tmppre = (0x4 - tmppriority);
 125:../STM32F10x_StdPeriph_Lib_V3.4.0/Libraries/STM32F10x_StdPeriph_Driver/src/misc.c ****     tmpsub = tmpsub >> tmppriority;
 126:../STM32F10x_StdPeriph_Lib_V3.4.0/Libraries/STM32F10x_StdPeriph_Driver/src/misc.c **** 
 127:../STM32F10x_StdPeriph_Lib_V3.4.0/Libraries/STM32F10x_StdPeriph_Driver/src/misc.c ****     tmppriority = (uint32_t)NVIC_InitStruct->NVIC_IRQChannelPreemptionPriority << tmppre;
 19217              		.loc 1 127 0
 19218 001c 4178     		ldrb	r1, [r0, #1]	@ zero_extendqisi2
 123:../STM32F10x_StdPeriph_Lib_V3.4.0/Libraries/STM32F10x_StdPeriph_Driver/src/misc.c ****     tmppriority = (0x700 - ((SCB->AIRCR) & (uint32_t)0x700))>> 0x08;
 19219              		.loc 1 123 0
 19220 001e DB68     		ldr	r3, [r3, #12]
 128:../STM32F10x_StdPeriph_Lib_V3.4.0/Libraries/STM32F10x_StdPeriph_Driver/src/misc.c ****     tmppriority |=  NVIC_InitStruct->NVIC_IRQChannelSubPriority & tmpsub;
 19221              		.loc 1 128 0
 19222 0020 8478     		ldrb	r4, [r0, #2]	@ zero_extendqisi2
 123:../STM32F10x_StdPeriph_Lib_V3.4.0/Libraries/STM32F10x_StdPeriph_Driver/src/misc.c ****     tmppriority = (0x700 - ((SCB->AIRCR) & (uint32_t)0x700))>> 0x08;
 19223              		.loc 1 123 0
 19224 0022 DB43     		mvns	r3, r3
 19225 0024 03F4E063 		and	r3, r3, #1792
 19226 0028 1B0A     		lsrs	r3, r3, #8
 19227              	.LVL3:
 124:../STM32F10x_StdPeriph_Lib_V3.4.0/Libraries/STM32F10x_StdPeriph_Driver/src/misc.c ****     tmppre = (0x4 - tmppriority);
 19228              		.loc 1 124 0
 19229 002a C3F10402 		rsb	r2, r3, #4
 127:../STM32F10x_StdPeriph_Lib_V3.4.0/Libraries/STM32F10x_StdPeriph_Driver/src/misc.c ****     tmppriority = (uint32_t)NVIC_InitStruct->NVIC_IRQChannelPreemptionPriority << tmppre;
 19230              		.loc 1 127 0
 19231 002e 9140     		lsls	r1, r1, r2
 19232              	.LVL4:
 125:../STM32F10x_StdPeriph_Lib_V3.4.0/Libraries/STM32F10x_StdPeriph_Driver/src/misc.c ****     tmpsub = tmpsub >> tmppriority;
 19233              		.loc 1 125 0
 19234 0030 0F22     		movs	r2, #15
 19235 0032 DA40     		lsrs	r2, r2, r3
 19236              		.loc 1 128 0
 19237 0034 2240     		ands	r2, r2, r4
 19238 0036 0A43     		orrs	r2, r2, r1
 19239              	.LVL5:
 129:../STM32F10x_StdPeriph_Lib_V3.4.0/Libraries/STM32F10x_StdPeriph_Driver/src/misc.c ****     tmppriority = tmppriority << 0x04;
 130:../STM32F10x_StdPeriph_Lib_V3.4.0/Libraries/STM32F10x_StdPeriph_Driver/src/misc.c ****         
 131:../STM32F10x_StdPeriph_Lib_V3.4.0/Libraries/STM32F10x_StdPeriph_Driver/src/misc.c ****     NVIC->IP[NVIC_InitStruct->NVIC_IRQChannel] = tmppriority;
 19240              		.loc 1 131 0
 19241 0038 0E4B     		ldr	r3, .L8+4
 19242              	.LVL6:
 19243 003a 0178     		ldrb	r1, [r0, #0]	@ zero_extendqisi2
 129:../STM32F10x_StdPeriph_Lib_V3.4.0/Libraries/STM32F10x_StdPeriph_Driver/src/misc.c ****     tmppriority = tmppriority << 0x04;
 19244              		.loc 1 129 0
 19245 003c 1201     		lsls	r2, r2, #4
 19246              	.LVL7:
 19247              		.loc 1 131 0
 19248 003e CB18     		adds	r3, r1, r3
 19249 0040 D2B2     		uxtb	r2, r2
 19250              	.LVL8:
 19251 0042 83F80023 		strb	r2, [r3, #768]
 132:../STM32F10x_StdPeriph_Lib_V3.4.0/Libraries/STM32F10x_StdPeriph_Driver/src/misc.c ****     
 133:../STM32F10x_StdPeriph_Lib_V3.4.0/Libraries/STM32F10x_StdPeriph_Driver/src/misc.c ****     /* Enable the Selected IRQ Channels --------------------------------------*/
 134:../STM32F10x_StdPeriph_Lib_V3.4.0/Libraries/STM32F10x_StdPeriph_Driver/src/misc.c ****     NVIC->ISER[NVIC_InitStruct->NVIC_IRQChannel >> 0x05] =
 19252              		.loc 1 134 0
 19253 0046 0378     		ldrb	r3, [r0, #0]	@ zero_extendqisi2
 135:../STM32F10x_StdPeriph_Lib_V3.4.0/Libraries/STM32F10x_StdPeriph_Driver/src/misc.c ****       (uint32_t)0x01 << (NVIC_InitStruct->NVIC_IRQChannel & (uint8_t)0x1F);
 19254              		.loc 1 135 0
 19255 0048 0122     		movs	r2, #1
 134:../STM32F10x_StdPeriph_Lib_V3.4.0/Libraries/STM32F10x_StdPeriph_Driver/src/misc.c ****     NVIC->ISER[NVIC_InitStruct->NVIC_IRQChannel >> 0x05] =
 19256              		.loc 1 134 0
 19257 004a 5909     		lsrs	r1, r3, #5
 19258              		.loc 1 135 0
 19259 004c 03F01F03 		and	r3, r3, #31
 19260 0050 12FA03F3 		lsls	r3, r2, r3
 19261 0054 07E0     		b	.L7
 19262              	.LVL9:
 19263              	.L5:
 136:../STM32F10x_StdPeriph_Lib_V3.4.0/Libraries/STM32F10x_StdPeriph_Driver/src/misc.c ****   }
 137:../STM32F10x_StdPeriph_Lib_V3.4.0/Libraries/STM32F10x_StdPeriph_Driver/src/misc.c ****   else
 138:../STM32F10x_StdPeriph_Lib_V3.4.0/Libraries/STM32F10x_StdPeriph_Driver/src/misc.c ****   {
 139:../STM32F10x_StdPeriph_Lib_V3.4.0/Libraries/STM32F10x_StdPeriph_Driver/src/misc.c ****     /* Disable the Selected IRQ Channels -------------------------------------*/
 140:../STM32F10x_StdPeriph_Lib_V3.4.0/Libraries/STM32F10x_StdPeriph_Driver/src/misc.c ****     NVIC->ICER[NVIC_InitStruct->NVIC_IRQChannel >> 0x05] =
 19264              		.loc 1 140 0
 19265 0056 0378     		ldrb	r3, [r0, #0]	@ zero_extendqisi2
 141:../STM32F10x_StdPeriph_Lib_V3.4.0/Libraries/STM32F10x_StdPeriph_Driver/src/misc.c ****       (uint32_t)0x01 << (NVIC_InitStruct->NVIC_IRQChannel & (uint8_t)0x1F);
 19266              		.loc 1 141 0
 19267 0058 0122     		movs	r2, #1
 140:../STM32F10x_StdPeriph_Lib_V3.4.0/Libraries/STM32F10x_StdPeriph_Driver/src/misc.c ****     NVIC->ICER[NVIC_InitStruct->NVIC_IRQChannel >> 0x05] =
 19268              		.loc 1 140 0
 19269 005a 5909     		lsrs	r1, r3, #5
 19270              		.loc 1 141 0
 19271 005c 03F01F03 		and	r3, r3, #31
 19272 0060 12FA03F3 		lsls	r3, r2, r3
 140:../STM32F10x_StdPeriph_Lib_V3.4.0/Libraries/STM32F10x_StdPeriph_Driver/src/misc.c ****     NVIC->ICER[NVIC_InitStruct->NVIC_IRQChannel >> 0x05] =
 19273              		.loc 1 140 0
 19274 0064 2031     		adds	r1, r1, #32
 19275              	.LVL10:
 19276              	.L7:
 19277 0066 034A     		ldr	r2, .L8+4
 19278 0068 42F82130 		str	r3, [r2, r1, lsl #2]
 19279 006c 10BD     		pop	{r4, pc}
 19280              	.L9:
 19281 006e 00BF     		.align	2
 19282              	.L8:
 19283 0070 00ED00E0 		.word	-536810240
 19284 0074 00E100E0 		.word	-536813312
 19285              		.cfi_endproc
 19286              	.LFE30:
 19288              		.align	1
 19289              		.global	NVIC_SetVectorTable
 19290              		.thumb
 19291              		.thumb_func
 19293              	NVIC_SetVectorTable:
 19294              	.LFB31:
 142:../STM32F10x_StdPeriph_Lib_V3.4.0/Libraries/STM32F10x_StdPeriph_Driver/src/misc.c ****   }
 143:../STM32F10x_StdPeriph_Lib_V3.4.0/Libraries/STM32F10x_StdPeriph_Driver/src/misc.c **** }
 144:../STM32F10x_StdPeriph_Lib_V3.4.0/Libraries/STM32F10x_StdPeriph_Driver/src/misc.c **** 
 145:../STM32F10x_StdPeriph_Lib_V3.4.0/Libraries/STM32F10x_StdPeriph_Driver/src/misc.c **** /**
 146:../STM32F10x_StdPeriph_Lib_V3.4.0/Libraries/STM32F10x_StdPeriph_Driver/src/misc.c ****   * @brief  Sets the vector table location and Offset.
 147:../STM32F10x_StdPeriph_Lib_V3.4.0/Libraries/STM32F10x_StdPeriph_Driver/src/misc.c ****   * @param  NVIC_VectTab: specifies if the vector table is in RAM or FLASH memory.
 148:../STM32F10x_StdPeriph_Lib_V3.4.0/Libraries/STM32F10x_StdPeriph_Driver/src/misc.c ****   *   This parameter can be one of the following values:
 149:../STM32F10x_StdPeriph_Lib_V3.4.0/Libraries/STM32F10x_StdPeriph_Driver/src/misc.c ****   *     @arg NVIC_VectTab_RAM
 150:../STM32F10x_StdPeriph_Lib_V3.4.0/Libraries/STM32F10x_StdPeriph_Driver/src/misc.c ****   *     @arg NVIC_VectTab_FLASH
 151:../STM32F10x_StdPeriph_Lib_V3.4.0/Libraries/STM32F10x_StdPeriph_Driver/src/misc.c ****   * @param  Offset: Vector Table base offset field. This value must be a multiple of 0x100.
 152:../STM32F10x_StdPeriph_Lib_V3.4.0/Libraries/STM32F10x_StdPeriph_Driver/src/misc.c ****   * @retval None
 153:../STM32F10x_StdPeriph_Lib_V3.4.0/Libraries/STM32F10x_StdPeriph_Driver/src/misc.c ****   */
 154:../STM32F10x_StdPeriph_Lib_V3.4.0/Libraries/STM32F10x_StdPeriph_Driver/src/misc.c **** void NVIC_SetVectorTable(uint32_t NVIC_VectTab, uint32_t Offset)
 155:../STM32F10x_StdPeriph_Lib_V3.4.0/Libraries/STM32F10x_StdPeriph_Driver/src/misc.c **** { 
 19295              		.loc 1 155 0
 19296              		.cfi_startproc
 19297              		@ args = 0, pretend = 0, frame = 0
 19298              		@ frame_needed = 0, uses_anonymous_args = 0
 19299              		@ link register save eliminated.
 19300              	.LVL11:
 156:../STM32F10x_StdPeriph_Lib_V3.4.0/Libraries/STM32F10x_StdPeriph_Driver/src/misc.c ****   /* Check the parameters */
 157:../STM32F10x_StdPeriph_Lib_V3.4.0/Libraries/STM32F10x_StdPeriph_Driver/src/misc.c ****   assert_param(IS_NVIC_VECTTAB(NVIC_VectTab));
 158:../STM32F10x_StdPeriph_Lib_V3.4.0/Libraries/STM32F10x_StdPeriph_Driver/src/misc.c ****   assert_param(IS_NVIC_OFFSET(Offset));  
 159:../STM32F10x_StdPeriph_Lib_V3.4.0/Libraries/STM32F10x_StdPeriph_Driver/src/misc.c ****    
 160:../STM32F10x_StdPeriph_Lib_V3.4.0/Libraries/STM32F10x_StdPeriph_Driver/src/misc.c ****   SCB->VTOR = NVIC_VectTab | (Offset & (uint32_t)0x1FFFFF80);
 19301              		.loc 1 160 0
 19302 0078 21F06041 		bic	r1, r1, #-536870912
 19303              	.LVL12:
 19304 007c 21F07F01 		bic	r1, r1, #127
 19305 0080 014B     		ldr	r3, .L11
 19306 0082 0143     		orrs	r1, r1, r0
 19307 0084 9960     		str	r1, [r3, #8]
 161:../STM32F10x_StdPeriph_Lib_V3.4.0/Libraries/STM32F10x_StdPeriph_Driver/src/misc.c **** }
 19308              		.loc 1 161 0
 19309 0086 7047     		bx	lr
 19310              	.L12:
 19311              		.align	2
 19312              	.L11:
 19313 0088 00ED00E0 		.word	-536810240
 19314              		.cfi_endproc
 19315              	.LFE31:
 19317              		.align	1
 19318              		.global	NVIC_SystemLPConfig
 19319              		.thumb
 19320              		.thumb_func
 19322              	NVIC_SystemLPConfig:
 19323              	.LFB32:
 162:../STM32F10x_StdPeriph_Lib_V3.4.0/Libraries/STM32F10x_StdPeriph_Driver/src/misc.c **** 
 163:../STM32F10x_StdPeriph_Lib_V3.4.0/Libraries/STM32F10x_StdPeriph_Driver/src/misc.c **** /**
 164:../STM32F10x_StdPeriph_Lib_V3.4.0/Libraries/STM32F10x_StdPeriph_Driver/src/misc.c ****   * @brief  Selects the condition for the system to enter low power mode.
 165:../STM32F10x_StdPeriph_Lib_V3.4.0/Libraries/STM32F10x_StdPeriph_Driver/src/misc.c ****   * @param  LowPowerMode: Specifies the new mode for the system to enter low power mode.
 166:../STM32F10x_StdPeriph_Lib_V3.4.0/Libraries/STM32F10x_StdPeriph_Driver/src/misc.c ****   *   This parameter can be one of the following values:
 167:../STM32F10x_StdPeriph_Lib_V3.4.0/Libraries/STM32F10x_StdPeriph_Driver/src/misc.c ****   *     @arg NVIC_LP_SEVONPEND
 168:../STM32F10x_StdPeriph_Lib_V3.4.0/Libraries/STM32F10x_StdPeriph_Driver/src/misc.c ****   *     @arg NVIC_LP_SLEEPDEEP
 169:../STM32F10x_StdPeriph_Lib_V3.4.0/Libraries/STM32F10x_StdPeriph_Driver/src/misc.c ****   *     @arg NVIC_LP_SLEEPONEXIT
 170:../STM32F10x_StdPeriph_Lib_V3.4.0/Libraries/STM32F10x_StdPeriph_Driver/src/misc.c ****   * @param  NewState: new state of LP condition. This parameter can be: ENABLE or DISABLE.
 171:../STM32F10x_StdPeriph_Lib_V3.4.0/Libraries/STM32F10x_StdPeriph_Driver/src/misc.c ****   * @retval None
 172:../STM32F10x_StdPeriph_Lib_V3.4.0/Libraries/STM32F10x_StdPeriph_Driver/src/misc.c ****   */
 173:../STM32F10x_StdPeriph_Lib_V3.4.0/Libraries/STM32F10x_StdPeriph_Driver/src/misc.c **** void NVIC_SystemLPConfig(uint8_t LowPowerMode, FunctionalState NewState)
 174:../STM32F10x_StdPeriph_Lib_V3.4.0/Libraries/STM32F10x_StdPeriph_Driver/src/misc.c **** {
 19324              		.loc 1 174 0
 19325              		.cfi_startproc
 19326              		@ args = 0, pretend = 0, frame = 0
 19327              		@ frame_needed = 0, uses_anonymous_args = 0
 19328              		@ link register save eliminated.
 19329              	.LVL13:
 19330 008c 044B     		ldr	r3, .L17
 175:../STM32F10x_StdPeriph_Lib_V3.4.0/Libraries/STM32F10x_StdPeriph_Driver/src/misc.c ****   /* Check the parameters */
 176:../STM32F10x_StdPeriph_Lib_V3.4.0/Libraries/STM32F10x_StdPeriph_Driver/src/misc.c ****   assert_param(IS_NVIC_LP(LowPowerMode));
 177:../STM32F10x_StdPeriph_Lib_V3.4.0/Libraries/STM32F10x_StdPeriph_Driver/src/misc.c ****   assert_param(IS_FUNCTIONAL_STATE(NewState));  
 178:../STM32F10x_StdPeriph_Lib_V3.4.0/Libraries/STM32F10x_StdPeriph_Driver/src/misc.c ****   
 179:../STM32F10x_StdPeriph_Lib_V3.4.0/Libraries/STM32F10x_StdPeriph_Driver/src/misc.c ****   if (NewState != DISABLE)
 19331              		.loc 1 179 0
 19332 008e 11B1     		cbz	r1, .L14
 180:../STM32F10x_StdPeriph_Lib_V3.4.0/Libraries/STM32F10x_StdPeriph_Driver/src/misc.c ****   {
 181:../STM32F10x_StdPeriph_Lib_V3.4.0/Libraries/STM32F10x_StdPeriph_Driver/src/misc.c ****     SCB->SCR |= LowPowerMode;
 19333              		.loc 1 181 0
 19334 0090 1A69     		ldr	r2, [r3, #16]
 19335 0092 1043     		orrs	r0, r0, r2
 19336              	.LVL14:
 19337 0094 02E0     		b	.L16
 19338              	.LVL15:
 19339              	.L14:
 182:../STM32F10x_StdPeriph_Lib_V3.4.0/Libraries/STM32F10x_StdPeriph_Driver/src/misc.c ****   }
 183:../STM32F10x_StdPeriph_Lib_V3.4.0/Libraries/STM32F10x_StdPeriph_Driver/src/misc.c ****   else
 184:../STM32F10x_StdPeriph_Lib_V3.4.0/Libraries/STM32F10x_StdPeriph_Driver/src/misc.c ****   {
 185:../STM32F10x_StdPeriph_Lib_V3.4.0/Libraries/STM32F10x_StdPeriph_Driver/src/misc.c ****     SCB->SCR &= (uint32_t)(~(uint32_t)LowPowerMode);
 19340              		.loc 1 185 0
 19341 0096 1A69     		ldr	r2, [r3, #16]
 19342 0098 22EA0000 		bic	r0, r2, r0
 19343              	.LVL16:
 19344              	.L16:
 19345 009c 1861     		str	r0, [r3, #16]
 19346 009e 7047     		bx	lr
 19347              	.L18:
 19348              		.align	2
 19349              	.L17:
 19350 00a0 00ED00E0 		.word	-536810240
 19351              		.cfi_endproc
 19352              	.LFE32:
 19354              		.align	1
 19355              		.global	SysTick_CLKSourceConfig
 19356              		.thumb
 19357              		.thumb_func
 19359              	SysTick_CLKSourceConfig:
 19360              	.LFB33:
 186:../STM32F10x_StdPeriph_Lib_V3.4.0/Libraries/STM32F10x_StdPeriph_Driver/src/misc.c ****   }
 187:../STM32F10x_StdPeriph_Lib_V3.4.0/Libraries/STM32F10x_StdPeriph_Driver/src/misc.c **** }
 188:../STM32F10x_StdPeriph_Lib_V3.4.0/Libraries/STM32F10x_StdPeriph_Driver/src/misc.c **** 
 189:../STM32F10x_StdPeriph_Lib_V3.4.0/Libraries/STM32F10x_StdPeriph_Driver/src/misc.c **** /**
 190:../STM32F10x_StdPeriph_Lib_V3.4.0/Libraries/STM32F10x_StdPeriph_Driver/src/misc.c ****   * @brief  Configures the SysTick clock source.
 191:../STM32F10x_StdPeriph_Lib_V3.4.0/Libraries/STM32F10x_StdPeriph_Driver/src/misc.c ****   * @param  SysTick_CLKSource: specifies the SysTick clock source.
 192:../STM32F10x_StdPeriph_Lib_V3.4.0/Libraries/STM32F10x_StdPeriph_Driver/src/misc.c ****   *   This parameter can be one of the following values:
 193:../STM32F10x_StdPeriph_Lib_V3.4.0/Libraries/STM32F10x_StdPeriph_Driver/src/misc.c ****   *     @arg SysTick_CLKSource_HCLK_Div8: AHB clock divided by 8 selected as SysTick clock source.
 194:../STM32F10x_StdPeriph_Lib_V3.4.0/Libraries/STM32F10x_StdPeriph_Driver/src/misc.c ****   *     @arg SysTick_CLKSource_HCLK: AHB clock selected as SysTick clock source.
 195:../STM32F10x_StdPeriph_Lib_V3.4.0/Libraries/STM32F10x_StdPeriph_Driver/src/misc.c ****   * @retval None
 196:../STM32F10x_StdPeriph_Lib_V3.4.0/Libraries/STM32F10x_StdPeriph_Driver/src/misc.c ****   */
 197:../STM32F10x_StdPeriph_Lib_V3.4.0/Libraries/STM32F10x_StdPeriph_Driver/src/misc.c **** void SysTick_CLKSourceConfig(uint32_t SysTick_CLKSource)
 198:../STM32F10x_StdPeriph_Lib_V3.4.0/Libraries/STM32F10x_StdPeriph_Driver/src/misc.c **** {
 19361              		.loc 1 198 0
 19362              		.cfi_startproc
 19363              		@ args = 0, pretend = 0, frame = 0
 19364              		@ frame_needed = 0, uses_anonymous_args = 0
 19365              		@ link register save eliminated.
 19366              	.LVL17:
 19367 00a4 044B     		ldr	r3, .L23
 199:../STM32F10x_StdPeriph_Lib_V3.4.0/Libraries/STM32F10x_StdPeriph_Driver/src/misc.c ****   /* Check the parameters */
 200:../STM32F10x_StdPeriph_Lib_V3.4.0/Libraries/STM32F10x_StdPeriph_Driver/src/misc.c ****   assert_param(IS_SYSTICK_CLK_SOURCE(SysTick_CLKSource));
 201:../STM32F10x_StdPeriph_Lib_V3.4.0/Libraries/STM32F10x_StdPeriph_Driver/src/misc.c ****   if (SysTick_CLKSource == SysTick_CLKSource_HCLK)
 19368              		.loc 1 201 0
 19369 00a6 0428     		cmp	r0, #4
 202:../STM32F10x_StdPeriph_Lib_V3.4.0/Libraries/STM32F10x_StdPeriph_Driver/src/misc.c ****   {
 203:../STM32F10x_StdPeriph_Lib_V3.4.0/Libraries/STM32F10x_StdPeriph_Driver/src/misc.c ****     SysTick->CTRL |= SysTick_CLKSource_HCLK;
 19370              		.loc 1 203 0
 19371 00a8 1A68     		ldr	r2, [r3, #0]
 19372 00aa 0CBF     		ite	eq
 19373 00ac 42F00402 		orreq	r2, r2, #4
 204:../STM32F10x_StdPeriph_Lib_V3.4.0/Libraries/STM32F10x_StdPeriph_Driver/src/misc.c ****   }
 205:../STM32F10x_StdPeriph_Lib_V3.4.0/Libraries/STM32F10x_StdPeriph_Driver/src/misc.c ****   else
 206:../STM32F10x_StdPeriph_Lib_V3.4.0/Libraries/STM32F10x_StdPeriph_Driver/src/misc.c ****   {
 207:../STM32F10x_StdPeriph_Lib_V3.4.0/Libraries/STM32F10x_StdPeriph_Driver/src/misc.c ****     SysTick->CTRL &= SysTick_CLKSource_HCLK_Div8;
 19374              		.loc 1 207 0
 19375 00b0 22F00402 		bicne	r2, r2, #4
 19376 00b4 1A60     		str	r2, [r3, #0]
 19377 00b6 7047     		bx	lr
 19378              	.L24:
 19379              		.align	2
 19380              	.L23:
 19381 00b8 10E000E0 		.word	-536813552
 19382              		.cfi_endproc
 19383              	.LFE33:
 19385              	.Letext0:
DEFINED SYMBOLS
                            *ABS*:00000000 misc.c
C:\DOCUME~1\Przemek\USTAWI~1\Temp\cc4lVBIz.s:19165  .text:00000000 $t
C:\DOCUME~1\Przemek\USTAWI~1\Temp\cc4lVBIz.s:19170  .text:00000000 NVIC_PriorityGroupConfig
C:\DOCUME~1\Przemek\USTAWI~1\Temp\cc4lVBIz.s:19189  .text:00000010 $d
C:\DOCUME~1\Przemek\USTAWI~1\Temp\cc4lVBIz.s:19193  .text:00000014 $t
C:\DOCUME~1\Przemek\USTAWI~1\Temp\cc4lVBIz.s:19198  .text:00000014 NVIC_Init
C:\DOCUME~1\Przemek\USTAWI~1\Temp\cc4lVBIz.s:19283  .text:00000070 $d
C:\DOCUME~1\Przemek\USTAWI~1\Temp\cc4lVBIz.s:19288  .text:00000078 $t
C:\DOCUME~1\Przemek\USTAWI~1\Temp\cc4lVBIz.s:19293  .text:00000078 NVIC_SetVectorTable
C:\DOCUME~1\Przemek\USTAWI~1\Temp\cc4lVBIz.s:19313  .text:00000088 $d
C:\DOCUME~1\Przemek\USTAWI~1\Temp\cc4lVBIz.s:19317  .text:0000008c $t
C:\DOCUME~1\Przemek\USTAWI~1\Temp\cc4lVBIz.s:19322  .text:0000008c NVIC_SystemLPConfig
C:\DOCUME~1\Przemek\USTAWI~1\Temp\cc4lVBIz.s:19350  .text:000000a0 $d
C:\DOCUME~1\Przemek\USTAWI~1\Temp\cc4lVBIz.s:19354  .text:000000a4 $t
C:\DOCUME~1\Przemek\USTAWI~1\Temp\cc4lVBIz.s:19359  .text:000000a4 SysTick_CLKSourceConfig
C:\DOCUME~1\Przemek\USTAWI~1\Temp\cc4lVBIz.s:19381  .text:000000b8 $d
                     .debug_frame:00000010 $d

NO UNDEFINED SYMBOLS
