   1              		.syntax unified
   2              		.cpu cortex-m3
   3              		.fpu softvfp
   4              		.eabi_attribute 20, 1
   5              		.eabi_attribute 21, 1
   6              		.eabi_attribute 23, 3
   7              		.eabi_attribute 24, 1
   8              		.eabi_attribute 25, 1
   9              		.eabi_attribute 26, 1
  10              		.eabi_attribute 30, 4
  11              		.eabi_attribute 18, 4
  12              		.thumb
  13              		.file	"stm32f10x_crc.c"
  23              	.Ltext0:
  24              		.file 1 "../STM32F10x_StdPeriph_Lib_V3.4.0/Libraries/STM32F10x_StdPeriph_Driver/src/stm32f10x_crc.
 19166              		.align	1
 19167              		.global	CRC_ResetDR
 19168              		.thumb
 19169              		.thumb_func
 19171              	CRC_ResetDR:
 19172              	.LFB29:
   1:../STM32F10x_StdPeriph_Lib_V3.4.0/Libraries/STM32F10x_StdPeriph_Driver/src/stm32f10x_crc.c **** /**
   2:../STM32F10x_StdPeriph_Lib_V3.4.0/Libraries/STM32F10x_StdPeriph_Driver/src/stm32f10x_crc.c ****   ******************************************************************************
   3:../STM32F10x_StdPeriph_Lib_V3.4.0/Libraries/STM32F10x_StdPeriph_Driver/src/stm32f10x_crc.c ****   * @file    stm32f10x_crc.c
   4:../STM32F10x_StdPeriph_Lib_V3.4.0/Libraries/STM32F10x_StdPeriph_Driver/src/stm32f10x_crc.c ****   * @author  MCD Application Team
   5:../STM32F10x_StdPeriph_Lib_V3.4.0/Libraries/STM32F10x_StdPeriph_Driver/src/stm32f10x_crc.c ****   * @version V3.4.0
   6:../STM32F10x_StdPeriph_Lib_V3.4.0/Libraries/STM32F10x_StdPeriph_Driver/src/stm32f10x_crc.c ****   * @date    10/15/2010
   7:../STM32F10x_StdPeriph_Lib_V3.4.0/Libraries/STM32F10x_StdPeriph_Driver/src/stm32f10x_crc.c ****   * @brief   This file provides all the CRC firmware functions.
   8:../STM32F10x_StdPeriph_Lib_V3.4.0/Libraries/STM32F10x_StdPeriph_Driver/src/stm32f10x_crc.c ****   ******************************************************************************
   9:../STM32F10x_StdPeriph_Lib_V3.4.0/Libraries/STM32F10x_StdPeriph_Driver/src/stm32f10x_crc.c ****   * @copy
  10:../STM32F10x_StdPeriph_Lib_V3.4.0/Libraries/STM32F10x_StdPeriph_Driver/src/stm32f10x_crc.c ****   *
  11:../STM32F10x_StdPeriph_Lib_V3.4.0/Libraries/STM32F10x_StdPeriph_Driver/src/stm32f10x_crc.c ****   * THE PRESENT FIRMWARE WHICH IS FOR GUIDANCE ONLY AIMS AT PROVIDING CUSTOMERS
  12:../STM32F10x_StdPeriph_Lib_V3.4.0/Libraries/STM32F10x_StdPeriph_Driver/src/stm32f10x_crc.c ****   * WITH CODING INFORMATION REGARDING THEIR PRODUCTS IN ORDER FOR THEM TO SAVE
  13:../STM32F10x_StdPeriph_Lib_V3.4.0/Libraries/STM32F10x_StdPeriph_Driver/src/stm32f10x_crc.c ****   * TIME. AS A RESULT, STMICROELECTRONICS SHALL NOT BE HELD LIABLE FOR ANY
  14:../STM32F10x_StdPeriph_Lib_V3.4.0/Libraries/STM32F10x_StdPeriph_Driver/src/stm32f10x_crc.c ****   * DIRECT, INDIRECT OR CONSEQUENTIAL DAMAGES WITH RESPECT TO ANY CLAIMS ARISING
  15:../STM32F10x_StdPeriph_Lib_V3.4.0/Libraries/STM32F10x_StdPeriph_Driver/src/stm32f10x_crc.c ****   * FROM THE CONTENT OF SUCH FIRMWARE AND/OR THE USE MADE BY CUSTOMERS OF THE
  16:../STM32F10x_StdPeriph_Lib_V3.4.0/Libraries/STM32F10x_StdPeriph_Driver/src/stm32f10x_crc.c ****   * CODING INFORMATION CONTAINED HEREIN IN CONNECTION WITH THEIR PRODUCTS.
  17:../STM32F10x_StdPeriph_Lib_V3.4.0/Libraries/STM32F10x_StdPeriph_Driver/src/stm32f10x_crc.c ****   *
  18:../STM32F10x_StdPeriph_Lib_V3.4.0/Libraries/STM32F10x_StdPeriph_Driver/src/stm32f10x_crc.c ****   * <h2><center>&copy; COPYRIGHT 2010 STMicroelectronics</center></h2>
  19:../STM32F10x_StdPeriph_Lib_V3.4.0/Libraries/STM32F10x_StdPeriph_Driver/src/stm32f10x_crc.c ****   */ 
  20:../STM32F10x_StdPeriph_Lib_V3.4.0/Libraries/STM32F10x_StdPeriph_Driver/src/stm32f10x_crc.c **** 
  21:../STM32F10x_StdPeriph_Lib_V3.4.0/Libraries/STM32F10x_StdPeriph_Driver/src/stm32f10x_crc.c **** /* Includes ------------------------------------------------------------------*/
  22:../STM32F10x_StdPeriph_Lib_V3.4.0/Libraries/STM32F10x_StdPeriph_Driver/src/stm32f10x_crc.c **** #include "stm32f10x_crc.h"
  23:../STM32F10x_StdPeriph_Lib_V3.4.0/Libraries/STM32F10x_StdPeriph_Driver/src/stm32f10x_crc.c **** 
  24:../STM32F10x_StdPeriph_Lib_V3.4.0/Libraries/STM32F10x_StdPeriph_Driver/src/stm32f10x_crc.c **** /** @addtogroup STM32F10x_StdPeriph_Driver
  25:../STM32F10x_StdPeriph_Lib_V3.4.0/Libraries/STM32F10x_StdPeriph_Driver/src/stm32f10x_crc.c ****   * @{
  26:../STM32F10x_StdPeriph_Lib_V3.4.0/Libraries/STM32F10x_StdPeriph_Driver/src/stm32f10x_crc.c ****   */
  27:../STM32F10x_StdPeriph_Lib_V3.4.0/Libraries/STM32F10x_StdPeriph_Driver/src/stm32f10x_crc.c **** 
  28:../STM32F10x_StdPeriph_Lib_V3.4.0/Libraries/STM32F10x_StdPeriph_Driver/src/stm32f10x_crc.c **** /** @defgroup CRC 
  29:../STM32F10x_StdPeriph_Lib_V3.4.0/Libraries/STM32F10x_StdPeriph_Driver/src/stm32f10x_crc.c ****   * @brief CRC driver modules
  30:../STM32F10x_StdPeriph_Lib_V3.4.0/Libraries/STM32F10x_StdPeriph_Driver/src/stm32f10x_crc.c ****   * @{
  31:../STM32F10x_StdPeriph_Lib_V3.4.0/Libraries/STM32F10x_StdPeriph_Driver/src/stm32f10x_crc.c ****   */
  32:../STM32F10x_StdPeriph_Lib_V3.4.0/Libraries/STM32F10x_StdPeriph_Driver/src/stm32f10x_crc.c **** 
  33:../STM32F10x_StdPeriph_Lib_V3.4.0/Libraries/STM32F10x_StdPeriph_Driver/src/stm32f10x_crc.c **** /** @defgroup CRC_Private_TypesDefinitions
  34:../STM32F10x_StdPeriph_Lib_V3.4.0/Libraries/STM32F10x_StdPeriph_Driver/src/stm32f10x_crc.c ****   * @{
  35:../STM32F10x_StdPeriph_Lib_V3.4.0/Libraries/STM32F10x_StdPeriph_Driver/src/stm32f10x_crc.c ****   */
  36:../STM32F10x_StdPeriph_Lib_V3.4.0/Libraries/STM32F10x_StdPeriph_Driver/src/stm32f10x_crc.c **** 
  37:../STM32F10x_StdPeriph_Lib_V3.4.0/Libraries/STM32F10x_StdPeriph_Driver/src/stm32f10x_crc.c **** /**
  38:../STM32F10x_StdPeriph_Lib_V3.4.0/Libraries/STM32F10x_StdPeriph_Driver/src/stm32f10x_crc.c ****   * @}
  39:../STM32F10x_StdPeriph_Lib_V3.4.0/Libraries/STM32F10x_StdPeriph_Driver/src/stm32f10x_crc.c ****   */
  40:../STM32F10x_StdPeriph_Lib_V3.4.0/Libraries/STM32F10x_StdPeriph_Driver/src/stm32f10x_crc.c **** 
  41:../STM32F10x_StdPeriph_Lib_V3.4.0/Libraries/STM32F10x_StdPeriph_Driver/src/stm32f10x_crc.c **** /** @defgroup CRC_Private_Defines
  42:../STM32F10x_StdPeriph_Lib_V3.4.0/Libraries/STM32F10x_StdPeriph_Driver/src/stm32f10x_crc.c ****   * @{
  43:../STM32F10x_StdPeriph_Lib_V3.4.0/Libraries/STM32F10x_StdPeriph_Driver/src/stm32f10x_crc.c ****   */
  44:../STM32F10x_StdPeriph_Lib_V3.4.0/Libraries/STM32F10x_StdPeriph_Driver/src/stm32f10x_crc.c **** 
  45:../STM32F10x_StdPeriph_Lib_V3.4.0/Libraries/STM32F10x_StdPeriph_Driver/src/stm32f10x_crc.c **** /**
  46:../STM32F10x_StdPeriph_Lib_V3.4.0/Libraries/STM32F10x_StdPeriph_Driver/src/stm32f10x_crc.c ****   * @}
  47:../STM32F10x_StdPeriph_Lib_V3.4.0/Libraries/STM32F10x_StdPeriph_Driver/src/stm32f10x_crc.c ****   */
  48:../STM32F10x_StdPeriph_Lib_V3.4.0/Libraries/STM32F10x_StdPeriph_Driver/src/stm32f10x_crc.c **** 
  49:../STM32F10x_StdPeriph_Lib_V3.4.0/Libraries/STM32F10x_StdPeriph_Driver/src/stm32f10x_crc.c **** /** @defgroup CRC_Private_Macros
  50:../STM32F10x_StdPeriph_Lib_V3.4.0/Libraries/STM32F10x_StdPeriph_Driver/src/stm32f10x_crc.c ****   * @{
  51:../STM32F10x_StdPeriph_Lib_V3.4.0/Libraries/STM32F10x_StdPeriph_Driver/src/stm32f10x_crc.c ****   */
  52:../STM32F10x_StdPeriph_Lib_V3.4.0/Libraries/STM32F10x_StdPeriph_Driver/src/stm32f10x_crc.c **** 
  53:../STM32F10x_StdPeriph_Lib_V3.4.0/Libraries/STM32F10x_StdPeriph_Driver/src/stm32f10x_crc.c **** /**
  54:../STM32F10x_StdPeriph_Lib_V3.4.0/Libraries/STM32F10x_StdPeriph_Driver/src/stm32f10x_crc.c ****   * @}
  55:../STM32F10x_StdPeriph_Lib_V3.4.0/Libraries/STM32F10x_StdPeriph_Driver/src/stm32f10x_crc.c ****   */
  56:../STM32F10x_StdPeriph_Lib_V3.4.0/Libraries/STM32F10x_StdPeriph_Driver/src/stm32f10x_crc.c **** 
  57:../STM32F10x_StdPeriph_Lib_V3.4.0/Libraries/STM32F10x_StdPeriph_Driver/src/stm32f10x_crc.c **** /** @defgroup CRC_Private_Variables
  58:../STM32F10x_StdPeriph_Lib_V3.4.0/Libraries/STM32F10x_StdPeriph_Driver/src/stm32f10x_crc.c ****   * @{
  59:../STM32F10x_StdPeriph_Lib_V3.4.0/Libraries/STM32F10x_StdPeriph_Driver/src/stm32f10x_crc.c ****   */
  60:../STM32F10x_StdPeriph_Lib_V3.4.0/Libraries/STM32F10x_StdPeriph_Driver/src/stm32f10x_crc.c **** 
  61:../STM32F10x_StdPeriph_Lib_V3.4.0/Libraries/STM32F10x_StdPeriph_Driver/src/stm32f10x_crc.c **** /**
  62:../STM32F10x_StdPeriph_Lib_V3.4.0/Libraries/STM32F10x_StdPeriph_Driver/src/stm32f10x_crc.c ****   * @}
  63:../STM32F10x_StdPeriph_Lib_V3.4.0/Libraries/STM32F10x_StdPeriph_Driver/src/stm32f10x_crc.c ****   */
  64:../STM32F10x_StdPeriph_Lib_V3.4.0/Libraries/STM32F10x_StdPeriph_Driver/src/stm32f10x_crc.c **** 
  65:../STM32F10x_StdPeriph_Lib_V3.4.0/Libraries/STM32F10x_StdPeriph_Driver/src/stm32f10x_crc.c **** /** @defgroup CRC_Private_FunctionPrototypes
  66:../STM32F10x_StdPeriph_Lib_V3.4.0/Libraries/STM32F10x_StdPeriph_Driver/src/stm32f10x_crc.c ****   * @{
  67:../STM32F10x_StdPeriph_Lib_V3.4.0/Libraries/STM32F10x_StdPeriph_Driver/src/stm32f10x_crc.c ****   */
  68:../STM32F10x_StdPeriph_Lib_V3.4.0/Libraries/STM32F10x_StdPeriph_Driver/src/stm32f10x_crc.c **** 
  69:../STM32F10x_StdPeriph_Lib_V3.4.0/Libraries/STM32F10x_StdPeriph_Driver/src/stm32f10x_crc.c **** /**
  70:../STM32F10x_StdPeriph_Lib_V3.4.0/Libraries/STM32F10x_StdPeriph_Driver/src/stm32f10x_crc.c ****   * @}
  71:../STM32F10x_StdPeriph_Lib_V3.4.0/Libraries/STM32F10x_StdPeriph_Driver/src/stm32f10x_crc.c ****   */
  72:../STM32F10x_StdPeriph_Lib_V3.4.0/Libraries/STM32F10x_StdPeriph_Driver/src/stm32f10x_crc.c **** 
  73:../STM32F10x_StdPeriph_Lib_V3.4.0/Libraries/STM32F10x_StdPeriph_Driver/src/stm32f10x_crc.c **** /** @defgroup CRC_Private_Functions
  74:../STM32F10x_StdPeriph_Lib_V3.4.0/Libraries/STM32F10x_StdPeriph_Driver/src/stm32f10x_crc.c ****   * @{
  75:../STM32F10x_StdPeriph_Lib_V3.4.0/Libraries/STM32F10x_StdPeriph_Driver/src/stm32f10x_crc.c ****   */
  76:../STM32F10x_StdPeriph_Lib_V3.4.0/Libraries/STM32F10x_StdPeriph_Driver/src/stm32f10x_crc.c **** 
  77:../STM32F10x_StdPeriph_Lib_V3.4.0/Libraries/STM32F10x_StdPeriph_Driver/src/stm32f10x_crc.c **** /**
  78:../STM32F10x_StdPeriph_Lib_V3.4.0/Libraries/STM32F10x_StdPeriph_Driver/src/stm32f10x_crc.c ****   * @brief  Resets the CRC Data register (DR).
  79:../STM32F10x_StdPeriph_Lib_V3.4.0/Libraries/STM32F10x_StdPeriph_Driver/src/stm32f10x_crc.c ****   * @param  None
  80:../STM32F10x_StdPeriph_Lib_V3.4.0/Libraries/STM32F10x_StdPeriph_Driver/src/stm32f10x_crc.c ****   * @retval None
  81:../STM32F10x_StdPeriph_Lib_V3.4.0/Libraries/STM32F10x_StdPeriph_Driver/src/stm32f10x_crc.c ****   */
  82:../STM32F10x_StdPeriph_Lib_V3.4.0/Libraries/STM32F10x_StdPeriph_Driver/src/stm32f10x_crc.c **** void CRC_ResetDR(void)
  83:../STM32F10x_StdPeriph_Lib_V3.4.0/Libraries/STM32F10x_StdPeriph_Driver/src/stm32f10x_crc.c **** {
 19173              		.loc 1 83 0
 19174              		.cfi_startproc
 19175              		@ args = 0, pretend = 0, frame = 0
 19176              		@ frame_needed = 0, uses_anonymous_args = 0
 19177              		@ link register save eliminated.
  84:../STM32F10x_StdPeriph_Lib_V3.4.0/Libraries/STM32F10x_StdPeriph_Driver/src/stm32f10x_crc.c ****   /* Reset CRC generator */
  85:../STM32F10x_StdPeriph_Lib_V3.4.0/Libraries/STM32F10x_StdPeriph_Driver/src/stm32f10x_crc.c ****   CRC->CR = CRC_CR_RESET;
 19178              		.loc 1 85 0
 19179 0000 014B     		ldr	r3, .L2
 19180 0002 0122     		movs	r2, #1
 19181 0004 9A60     		str	r2, [r3, #8]
  86:../STM32F10x_StdPeriph_Lib_V3.4.0/Libraries/STM32F10x_StdPeriph_Driver/src/stm32f10x_crc.c **** }
 19182              		.loc 1 86 0
 19183 0006 7047     		bx	lr
 19184              	.L3:
 19185              		.align	2
 19186              	.L2:
 19187 0008 00300240 		.word	1073885184
 19188              		.cfi_endproc
 19189              	.LFE29:
 19191              		.align	1
 19192              		.global	CRC_CalcCRC
 19193              		.thumb
 19194              		.thumb_func
 19196              	CRC_CalcCRC:
 19197              	.LFB30:
  87:../STM32F10x_StdPeriph_Lib_V3.4.0/Libraries/STM32F10x_StdPeriph_Driver/src/stm32f10x_crc.c **** 
  88:../STM32F10x_StdPeriph_Lib_V3.4.0/Libraries/STM32F10x_StdPeriph_Driver/src/stm32f10x_crc.c **** /**
  89:../STM32F10x_StdPeriph_Lib_V3.4.0/Libraries/STM32F10x_StdPeriph_Driver/src/stm32f10x_crc.c ****   * @brief  Computes the 32-bit CRC of a given data word(32-bit).
  90:../STM32F10x_StdPeriph_Lib_V3.4.0/Libraries/STM32F10x_StdPeriph_Driver/src/stm32f10x_crc.c ****   * @param  Data: data word(32-bit) to compute its CRC
  91:../STM32F10x_StdPeriph_Lib_V3.4.0/Libraries/STM32F10x_StdPeriph_Driver/src/stm32f10x_crc.c ****   * @retval 32-bit CRC
  92:../STM32F10x_StdPeriph_Lib_V3.4.0/Libraries/STM32F10x_StdPeriph_Driver/src/stm32f10x_crc.c ****   */
  93:../STM32F10x_StdPeriph_Lib_V3.4.0/Libraries/STM32F10x_StdPeriph_Driver/src/stm32f10x_crc.c **** uint32_t CRC_CalcCRC(uint32_t Data)
  94:../STM32F10x_StdPeriph_Lib_V3.4.0/Libraries/STM32F10x_StdPeriph_Driver/src/stm32f10x_crc.c **** {
 19198              		.loc 1 94 0
 19199              		.cfi_startproc
 19200              		@ args = 0, pretend = 0, frame = 0
 19201              		@ frame_needed = 0, uses_anonymous_args = 0
 19202              		@ link register save eliminated.
 19203              	.LVL0:
  95:../STM32F10x_StdPeriph_Lib_V3.4.0/Libraries/STM32F10x_StdPeriph_Driver/src/stm32f10x_crc.c ****   CRC->DR = Data;
 19204              		.loc 1 95 0
 19205 000c 014B     		ldr	r3, .L5
 19206 000e 1860     		str	r0, [r3, #0]
  96:../STM32F10x_StdPeriph_Lib_V3.4.0/Libraries/STM32F10x_StdPeriph_Driver/src/stm32f10x_crc.c ****   
  97:../STM32F10x_StdPeriph_Lib_V3.4.0/Libraries/STM32F10x_StdPeriph_Driver/src/stm32f10x_crc.c ****   return (CRC->DR);
 19207              		.loc 1 97 0
 19208 0010 1868     		ldr	r0, [r3, #0]
 19209              	.LVL1:
  98:../STM32F10x_StdPeriph_Lib_V3.4.0/Libraries/STM32F10x_StdPeriph_Driver/src/stm32f10x_crc.c **** }
 19210              		.loc 1 98 0
 19211 0012 7047     		bx	lr
 19212              	.L6:
 19213              		.align	2
 19214              	.L5:
 19215 0014 00300240 		.word	1073885184
 19216              		.cfi_endproc
 19217              	.LFE30:
 19219              		.align	1
 19220              		.global	CRC_CalcBlockCRC
 19221              		.thumb
 19222              		.thumb_func
 19224              	CRC_CalcBlockCRC:
 19225              	.LFB31:
  99:../STM32F10x_StdPeriph_Lib_V3.4.0/Libraries/STM32F10x_StdPeriph_Driver/src/stm32f10x_crc.c **** 
 100:../STM32F10x_StdPeriph_Lib_V3.4.0/Libraries/STM32F10x_StdPeriph_Driver/src/stm32f10x_crc.c **** /**
 101:../STM32F10x_StdPeriph_Lib_V3.4.0/Libraries/STM32F10x_StdPeriph_Driver/src/stm32f10x_crc.c ****   * @brief  Computes the 32-bit CRC of a given buffer of data word(32-bit).
 102:../STM32F10x_StdPeriph_Lib_V3.4.0/Libraries/STM32F10x_StdPeriph_Driver/src/stm32f10x_crc.c ****   * @param  pBuffer: pointer to the buffer containing the data to be computed
 103:../STM32F10x_StdPeriph_Lib_V3.4.0/Libraries/STM32F10x_StdPeriph_Driver/src/stm32f10x_crc.c ****   * @param  BufferLength: length of the buffer to be computed					
 104:../STM32F10x_StdPeriph_Lib_V3.4.0/Libraries/STM32F10x_StdPeriph_Driver/src/stm32f10x_crc.c ****   * @retval 32-bit CRC
 105:../STM32F10x_StdPeriph_Lib_V3.4.0/Libraries/STM32F10x_StdPeriph_Driver/src/stm32f10x_crc.c ****   */
 106:../STM32F10x_StdPeriph_Lib_V3.4.0/Libraries/STM32F10x_StdPeriph_Driver/src/stm32f10x_crc.c **** uint32_t CRC_CalcBlockCRC(uint32_t pBuffer[], uint32_t BufferLength)
 107:../STM32F10x_StdPeriph_Lib_V3.4.0/Libraries/STM32F10x_StdPeriph_Driver/src/stm32f10x_crc.c **** {
 19226              		.loc 1 107 0
 19227              		.cfi_startproc
 19228              		@ args = 0, pretend = 0, frame = 0
 19229              		@ frame_needed = 0, uses_anonymous_args = 0
 19230              	.LVL2:
 19231 0018 10B5     		push	{r4, lr}
 19232              	.LCFI0:
 19233              		.cfi_def_cfa_offset 8
 108:../STM32F10x_StdPeriph_Lib_V3.4.0/Libraries/STM32F10x_StdPeriph_Driver/src/stm32f10x_crc.c ****   uint32_t index = 0;
 109:../STM32F10x_StdPeriph_Lib_V3.4.0/Libraries/STM32F10x_StdPeriph_Driver/src/stm32f10x_crc.c ****   
 110:../STM32F10x_StdPeriph_Lib_V3.4.0/Libraries/STM32F10x_StdPeriph_Driver/src/stm32f10x_crc.c ****   for(index = 0; index < BufferLength; index++)
 19234              		.loc 1 110 0
 19235 001a 0023     		movs	r3, #0
 19236 001c 03E0     		b	.L8
 19237              		.cfi_offset 14, -4
 19238              		.cfi_offset 4, -8
 19239              	.LVL3:
 19240              	.L9:
 111:../STM32F10x_StdPeriph_Lib_V3.4.0/Libraries/STM32F10x_StdPeriph_Driver/src/stm32f10x_crc.c ****   {
 112:../STM32F10x_StdPeriph_Lib_V3.4.0/Libraries/STM32F10x_StdPeriph_Driver/src/stm32f10x_crc.c ****     CRC->DR = pBuffer[index];
 19241              		.loc 1 112 0 discriminator 2
 19242 001e 50F8044B 		ldr	r4, [r0], #4
 110:../STM32F10x_StdPeriph_Lib_V3.4.0/Libraries/STM32F10x_StdPeriph_Driver/src/stm32f10x_crc.c ****   for(index = 0; index < BufferLength; index++)
 19243              		.loc 1 110 0 discriminator 2
 19244 0022 0133     		adds	r3, r3, #1
 19245              	.LVL4:
 19246              		.loc 1 112 0 discriminator 2
 19247 0024 1460     		str	r4, [r2, #0]
 19248              	.LVL5:
 19249              	.L8:
 110:../STM32F10x_StdPeriph_Lib_V3.4.0/Libraries/STM32F10x_StdPeriph_Driver/src/stm32f10x_crc.c ****   for(index = 0; index < BufferLength; index++)
 19250              		.loc 1 110 0 discriminator 1
 19251 0026 8B42     		cmp	r3, r1
 19252 0028 014A     		ldr	r2, .L10
 19253 002a F8D3     		bcc	.L9
 113:../STM32F10x_StdPeriph_Lib_V3.4.0/Libraries/STM32F10x_StdPeriph_Driver/src/stm32f10x_crc.c ****   }
 114:../STM32F10x_StdPeriph_Lib_V3.4.0/Libraries/STM32F10x_StdPeriph_Driver/src/stm32f10x_crc.c ****   return (CRC->DR);
 19254              		.loc 1 114 0
 19255 002c 1068     		ldr	r0, [r2, #0]
 115:../STM32F10x_StdPeriph_Lib_V3.4.0/Libraries/STM32F10x_StdPeriph_Driver/src/stm32f10x_crc.c **** }
 19256              		.loc 1 115 0
 19257 002e 10BD     		pop	{r4, pc}
 19258              	.L11:
 19259              		.align	2
 19260              	.L10:
 19261 0030 00300240 		.word	1073885184
 19262              		.cfi_endproc
 19263              	.LFE31:
 19265              		.align	1
 19266              		.global	CRC_GetCRC
 19267              		.thumb
 19268              		.thumb_func
 19270              	CRC_GetCRC:
 19271              	.LFB32:
 116:../STM32F10x_StdPeriph_Lib_V3.4.0/Libraries/STM32F10x_StdPeriph_Driver/src/stm32f10x_crc.c **** 
 117:../STM32F10x_StdPeriph_Lib_V3.4.0/Libraries/STM32F10x_StdPeriph_Driver/src/stm32f10x_crc.c **** /**
 118:../STM32F10x_StdPeriph_Lib_V3.4.0/Libraries/STM32F10x_StdPeriph_Driver/src/stm32f10x_crc.c ****   * @brief  Returns the current CRC value.
 119:../STM32F10x_StdPeriph_Lib_V3.4.0/Libraries/STM32F10x_StdPeriph_Driver/src/stm32f10x_crc.c ****   * @param  None
 120:../STM32F10x_StdPeriph_Lib_V3.4.0/Libraries/STM32F10x_StdPeriph_Driver/src/stm32f10x_crc.c ****   * @retval 32-bit CRC
 121:../STM32F10x_StdPeriph_Lib_V3.4.0/Libraries/STM32F10x_StdPeriph_Driver/src/stm32f10x_crc.c ****   */
 122:../STM32F10x_StdPeriph_Lib_V3.4.0/Libraries/STM32F10x_StdPeriph_Driver/src/stm32f10x_crc.c **** uint32_t CRC_GetCRC(void)
 123:../STM32F10x_StdPeriph_Lib_V3.4.0/Libraries/STM32F10x_StdPeriph_Driver/src/stm32f10x_crc.c **** {
 19272              		.loc 1 123 0
 19273              		.cfi_startproc
 19274              		@ args = 0, pretend = 0, frame = 0
 19275              		@ frame_needed = 0, uses_anonymous_args = 0
 19276              		@ link register save eliminated.
 124:../STM32F10x_StdPeriph_Lib_V3.4.0/Libraries/STM32F10x_StdPeriph_Driver/src/stm32f10x_crc.c ****   return (CRC->DR);
 19277              		.loc 1 124 0
 19278 0034 014B     		ldr	r3, .L13
 19279 0036 1868     		ldr	r0, [r3, #0]
 125:../STM32F10x_StdPeriph_Lib_V3.4.0/Libraries/STM32F10x_StdPeriph_Driver/src/stm32f10x_crc.c **** }
 19280              		.loc 1 125 0
 19281 0038 7047     		bx	lr
 19282              	.L14:
 19283 003a 00BF     		.align	2
 19284              	.L13:
 19285 003c 00300240 		.word	1073885184
 19286              		.cfi_endproc
 19287              	.LFE32:
 19289              		.align	1
 19290              		.global	CRC_SetIDRegister
 19291              		.thumb
 19292              		.thumb_func
 19294              	CRC_SetIDRegister:
 19295              	.LFB33:
 126:../STM32F10x_StdPeriph_Lib_V3.4.0/Libraries/STM32F10x_StdPeriph_Driver/src/stm32f10x_crc.c **** 
 127:../STM32F10x_StdPeriph_Lib_V3.4.0/Libraries/STM32F10x_StdPeriph_Driver/src/stm32f10x_crc.c **** /**
 128:../STM32F10x_StdPeriph_Lib_V3.4.0/Libraries/STM32F10x_StdPeriph_Driver/src/stm32f10x_crc.c ****   * @brief  Stores a 8-bit data in the Independent Data(ID) register.
 129:../STM32F10x_StdPeriph_Lib_V3.4.0/Libraries/STM32F10x_StdPeriph_Driver/src/stm32f10x_crc.c ****   * @param  IDValue: 8-bit value to be stored in the ID register 					
 130:../STM32F10x_StdPeriph_Lib_V3.4.0/Libraries/STM32F10x_StdPeriph_Driver/src/stm32f10x_crc.c ****   * @retval None
 131:../STM32F10x_StdPeriph_Lib_V3.4.0/Libraries/STM32F10x_StdPeriph_Driver/src/stm32f10x_crc.c ****   */
 132:../STM32F10x_StdPeriph_Lib_V3.4.0/Libraries/STM32F10x_StdPeriph_Driver/src/stm32f10x_crc.c **** void CRC_SetIDRegister(uint8_t IDValue)
 133:../STM32F10x_StdPeriph_Lib_V3.4.0/Libraries/STM32F10x_StdPeriph_Driver/src/stm32f10x_crc.c **** {
 19296              		.loc 1 133 0
 19297              		.cfi_startproc
 19298              		@ args = 0, pretend = 0, frame = 0
 19299              		@ frame_needed = 0, uses_anonymous_args = 0
 19300              		@ link register save eliminated.
 19301              	.LVL6:
 134:../STM32F10x_StdPeriph_Lib_V3.4.0/Libraries/STM32F10x_StdPeriph_Driver/src/stm32f10x_crc.c ****   CRC->IDR = IDValue;
 19302              		.loc 1 134 0
 19303 0040 014B     		ldr	r3, .L16
 19304 0042 1871     		strb	r0, [r3, #4]
 135:../STM32F10x_StdPeriph_Lib_V3.4.0/Libraries/STM32F10x_StdPeriph_Driver/src/stm32f10x_crc.c **** }
 19305              		.loc 1 135 0
 19306 0044 7047     		bx	lr
 19307              	.L17:
 19308 0046 00BF     		.align	2
 19309              	.L16:
 19310 0048 00300240 		.word	1073885184
 19311              		.cfi_endproc
 19312              	.LFE33:
 19314              		.align	1
 19315              		.global	CRC_GetIDRegister
 19316              		.thumb
 19317              		.thumb_func
 19319              	CRC_GetIDRegister:
 19320              	.LFB34:
 136:../STM32F10x_StdPeriph_Lib_V3.4.0/Libraries/STM32F10x_StdPeriph_Driver/src/stm32f10x_crc.c **** 
 137:../STM32F10x_StdPeriph_Lib_V3.4.0/Libraries/STM32F10x_StdPeriph_Driver/src/stm32f10x_crc.c **** /**
 138:../STM32F10x_StdPeriph_Lib_V3.4.0/Libraries/STM32F10x_StdPeriph_Driver/src/stm32f10x_crc.c ****   * @brief  Returns the 8-bit data stored in the Independent Data(ID) register
 139:../STM32F10x_StdPeriph_Lib_V3.4.0/Libraries/STM32F10x_StdPeriph_Driver/src/stm32f10x_crc.c ****   * @param  None
 140:../STM32F10x_StdPeriph_Lib_V3.4.0/Libraries/STM32F10x_StdPeriph_Driver/src/stm32f10x_crc.c ****   * @retval 8-bit value of the ID register 
 141:../STM32F10x_StdPeriph_Lib_V3.4.0/Libraries/STM32F10x_StdPeriph_Driver/src/stm32f10x_crc.c ****   */
 142:../STM32F10x_StdPeriph_Lib_V3.4.0/Libraries/STM32F10x_StdPeriph_Driver/src/stm32f10x_crc.c **** uint8_t CRC_GetIDRegister(void)
 143:../STM32F10x_StdPeriph_Lib_V3.4.0/Libraries/STM32F10x_StdPeriph_Driver/src/stm32f10x_crc.c **** {
 19321              		.loc 1 143 0
 19322              		.cfi_startproc
 19323              		@ args = 0, pretend = 0, frame = 0
 19324              		@ frame_needed = 0, uses_anonymous_args = 0
 19325              		@ link register save eliminated.
 144:../STM32F10x_StdPeriph_Lib_V3.4.0/Libraries/STM32F10x_StdPeriph_Driver/src/stm32f10x_crc.c ****   return (CRC->IDR);
 19326              		.loc 1 144 0
 19327 004c 014B     		ldr	r3, .L19
 19328 004e 1879     		ldrb	r0, [r3, #4]	@ zero_extendqisi2
 145:../STM32F10x_StdPeriph_Lib_V3.4.0/Libraries/STM32F10x_StdPeriph_Driver/src/stm32f10x_crc.c **** }
 19329              		.loc 1 145 0
 19330 0050 7047     		bx	lr
 19331              	.L20:
 19332 0052 00BF     		.align	2
 19333              	.L19:
 19334 0054 00300240 		.word	1073885184
 19335              		.cfi_endproc
 19336              	.LFE34:
 19338              	.Letext0:
DEFINED SYMBOLS
                            *ABS*:00000000 stm32f10x_crc.c
C:\DOCUME~1\Przemek\USTAWI~1\Temp\ccqxVBIz.s:19166  .text:00000000 $t
C:\DOCUME~1\Przemek\USTAWI~1\Temp\ccqxVBIz.s:19171  .text:00000000 CRC_ResetDR
C:\DOCUME~1\Przemek\USTAWI~1\Temp\ccqxVBIz.s:19187  .text:00000008 $d
C:\DOCUME~1\Przemek\USTAWI~1\Temp\ccqxVBIz.s:19191  .text:0000000c $t
C:\DOCUME~1\Przemek\USTAWI~1\Temp\ccqxVBIz.s:19196  .text:0000000c CRC_CalcCRC
C:\DOCUME~1\Przemek\USTAWI~1\Temp\ccqxVBIz.s:19215  .text:00000014 $d
C:\DOCUME~1\Przemek\USTAWI~1\Temp\ccqxVBIz.s:19219  .text:00000018 $t
C:\DOCUME~1\Przemek\USTAWI~1\Temp\ccqxVBIz.s:19224  .text:00000018 CRC_CalcBlockCRC
C:\DOCUME~1\Przemek\USTAWI~1\Temp\ccqxVBIz.s:19261  .text:00000030 $d
C:\DOCUME~1\Przemek\USTAWI~1\Temp\ccqxVBIz.s:19265  .text:00000034 $t
C:\DOCUME~1\Przemek\USTAWI~1\Temp\ccqxVBIz.s:19270  .text:00000034 CRC_GetCRC
C:\DOCUME~1\Przemek\USTAWI~1\Temp\ccqxVBIz.s:19285  .text:0000003c $d
C:\DOCUME~1\Przemek\USTAWI~1\Temp\ccqxVBIz.s:19289  .text:00000040 $t
C:\DOCUME~1\Przemek\USTAWI~1\Temp\ccqxVBIz.s:19294  .text:00000040 CRC_SetIDRegister
C:\DOCUME~1\Przemek\USTAWI~1\Temp\ccqxVBIz.s:19310  .text:00000048 $d
C:\DOCUME~1\Przemek\USTAWI~1\Temp\ccqxVBIz.s:19314  .text:0000004c $t
C:\DOCUME~1\Przemek\USTAWI~1\Temp\ccqxVBIz.s:19319  .text:0000004c CRC_GetIDRegister
C:\DOCUME~1\Przemek\USTAWI~1\Temp\ccqxVBIz.s:19334  .text:00000054 $d
                     .debug_frame:00000010 $d

NO UNDEFINED SYMBOLS
