   1              		.syntax unified
   2              		.cpu cortex-m3
   3              		.fpu softvfp
   4              		.eabi_attribute 20, 1
   5              		.eabi_attribute 21, 1
   6              		.eabi_attribute 23, 3
   7              		.eabi_attribute 24, 1
   8              		.eabi_attribute 25, 1
   9              		.eabi_attribute 26, 1
  10              		.eabi_attribute 30, 4
  11              		.eabi_attribute 18, 4
  12              		.thumb
  13              		.file	"stm32f10x_bkp.c"
  23              	.Ltext0:
  24              		.file 1 "../STM32F10x_StdPeriph_Lib_V3.4.0/Libraries/STM32F10x_StdPeriph_Driver/src/stm32f10x_bkp.
 19396              		.align	1
 19397              		.global	BKP_DeInit
 19398              		.thumb
 19399              		.thumb_func
 19401              	BKP_DeInit:
 19402              	.LFB29:
   1:../STM32F10x_StdPeriph_Lib_V3.4.0/Libraries/STM32F10x_StdPeriph_Driver/src/stm32f10x_bkp.c **** /**
   2:../STM32F10x_StdPeriph_Lib_V3.4.0/Libraries/STM32F10x_StdPeriph_Driver/src/stm32f10x_bkp.c ****   ******************************************************************************
   3:../STM32F10x_StdPeriph_Lib_V3.4.0/Libraries/STM32F10x_StdPeriph_Driver/src/stm32f10x_bkp.c ****   * @file    stm32f10x_bkp.c
   4:../STM32F10x_StdPeriph_Lib_V3.4.0/Libraries/STM32F10x_StdPeriph_Driver/src/stm32f10x_bkp.c ****   * @author  MCD Application Team
   5:../STM32F10x_StdPeriph_Lib_V3.4.0/Libraries/STM32F10x_StdPeriph_Driver/src/stm32f10x_bkp.c ****   * @version V3.4.0
   6:../STM32F10x_StdPeriph_Lib_V3.4.0/Libraries/STM32F10x_StdPeriph_Driver/src/stm32f10x_bkp.c ****   * @date    10/15/2010
   7:../STM32F10x_StdPeriph_Lib_V3.4.0/Libraries/STM32F10x_StdPeriph_Driver/src/stm32f10x_bkp.c ****   * @brief   This file provides all the BKP firmware functions.
   8:../STM32F10x_StdPeriph_Lib_V3.4.0/Libraries/STM32F10x_StdPeriph_Driver/src/stm32f10x_bkp.c ****   ******************************************************************************
   9:../STM32F10x_StdPeriph_Lib_V3.4.0/Libraries/STM32F10x_StdPeriph_Driver/src/stm32f10x_bkp.c ****   * @copy
  10:../STM32F10x_StdPeriph_Lib_V3.4.0/Libraries/STM32F10x_StdPeriph_Driver/src/stm32f10x_bkp.c ****   *
  11:../STM32F10x_StdPeriph_Lib_V3.4.0/Libraries/STM32F10x_StdPeriph_Driver/src/stm32f10x_bkp.c ****   * THE PRESENT FIRMWARE WHICH IS FOR GUIDANCE ONLY AIMS AT PROVIDING CUSTOMERS
  12:../STM32F10x_StdPeriph_Lib_V3.4.0/Libraries/STM32F10x_StdPeriph_Driver/src/stm32f10x_bkp.c ****   * WITH CODING INFORMATION REGARDING THEIR PRODUCTS IN ORDER FOR THEM TO SAVE
  13:../STM32F10x_StdPeriph_Lib_V3.4.0/Libraries/STM32F10x_StdPeriph_Driver/src/stm32f10x_bkp.c ****   * TIME. AS A RESULT, STMICROELECTRONICS SHALL NOT BE HELD LIABLE FOR ANY
  14:../STM32F10x_StdPeriph_Lib_V3.4.0/Libraries/STM32F10x_StdPeriph_Driver/src/stm32f10x_bkp.c ****   * DIRECT, INDIRECT OR CONSEQUENTIAL DAMAGES WITH RESPECT TO ANY CLAIMS ARISING
  15:../STM32F10x_StdPeriph_Lib_V3.4.0/Libraries/STM32F10x_StdPeriph_Driver/src/stm32f10x_bkp.c ****   * FROM THE CONTENT OF SUCH FIRMWARE AND/OR THE USE MADE BY CUSTOMERS OF THE
  16:../STM32F10x_StdPeriph_Lib_V3.4.0/Libraries/STM32F10x_StdPeriph_Driver/src/stm32f10x_bkp.c ****   * CODING INFORMATION CONTAINED HEREIN IN CONNECTION WITH THEIR PRODUCTS.
  17:../STM32F10x_StdPeriph_Lib_V3.4.0/Libraries/STM32F10x_StdPeriph_Driver/src/stm32f10x_bkp.c ****   *
  18:../STM32F10x_StdPeriph_Lib_V3.4.0/Libraries/STM32F10x_StdPeriph_Driver/src/stm32f10x_bkp.c ****   * <h2><center>&copy; COPYRIGHT 2010 STMicroelectronics</center></h2>
  19:../STM32F10x_StdPeriph_Lib_V3.4.0/Libraries/STM32F10x_StdPeriph_Driver/src/stm32f10x_bkp.c ****   */ 
  20:../STM32F10x_StdPeriph_Lib_V3.4.0/Libraries/STM32F10x_StdPeriph_Driver/src/stm32f10x_bkp.c **** 
  21:../STM32F10x_StdPeriph_Lib_V3.4.0/Libraries/STM32F10x_StdPeriph_Driver/src/stm32f10x_bkp.c **** /* Includes ------------------------------------------------------------------*/
  22:../STM32F10x_StdPeriph_Lib_V3.4.0/Libraries/STM32F10x_StdPeriph_Driver/src/stm32f10x_bkp.c **** #include "stm32f10x_bkp.h"
  23:../STM32F10x_StdPeriph_Lib_V3.4.0/Libraries/STM32F10x_StdPeriph_Driver/src/stm32f10x_bkp.c **** #include "stm32f10x_rcc.h"
  24:../STM32F10x_StdPeriph_Lib_V3.4.0/Libraries/STM32F10x_StdPeriph_Driver/src/stm32f10x_bkp.c **** 
  25:../STM32F10x_StdPeriph_Lib_V3.4.0/Libraries/STM32F10x_StdPeriph_Driver/src/stm32f10x_bkp.c **** /** @addtogroup STM32F10x_StdPeriph_Driver
  26:../STM32F10x_StdPeriph_Lib_V3.4.0/Libraries/STM32F10x_StdPeriph_Driver/src/stm32f10x_bkp.c ****   * @{
  27:../STM32F10x_StdPeriph_Lib_V3.4.0/Libraries/STM32F10x_StdPeriph_Driver/src/stm32f10x_bkp.c ****   */
  28:../STM32F10x_StdPeriph_Lib_V3.4.0/Libraries/STM32F10x_StdPeriph_Driver/src/stm32f10x_bkp.c **** 
  29:../STM32F10x_StdPeriph_Lib_V3.4.0/Libraries/STM32F10x_StdPeriph_Driver/src/stm32f10x_bkp.c **** /** @defgroup BKP 
  30:../STM32F10x_StdPeriph_Lib_V3.4.0/Libraries/STM32F10x_StdPeriph_Driver/src/stm32f10x_bkp.c ****   * @brief BKP driver modules
  31:../STM32F10x_StdPeriph_Lib_V3.4.0/Libraries/STM32F10x_StdPeriph_Driver/src/stm32f10x_bkp.c ****   * @{
  32:../STM32F10x_StdPeriph_Lib_V3.4.0/Libraries/STM32F10x_StdPeriph_Driver/src/stm32f10x_bkp.c ****   */
  33:../STM32F10x_StdPeriph_Lib_V3.4.0/Libraries/STM32F10x_StdPeriph_Driver/src/stm32f10x_bkp.c **** 
  34:../STM32F10x_StdPeriph_Lib_V3.4.0/Libraries/STM32F10x_StdPeriph_Driver/src/stm32f10x_bkp.c **** /** @defgroup BKP_Private_TypesDefinitions
  35:../STM32F10x_StdPeriph_Lib_V3.4.0/Libraries/STM32F10x_StdPeriph_Driver/src/stm32f10x_bkp.c ****   * @{
  36:../STM32F10x_StdPeriph_Lib_V3.4.0/Libraries/STM32F10x_StdPeriph_Driver/src/stm32f10x_bkp.c ****   */
  37:../STM32F10x_StdPeriph_Lib_V3.4.0/Libraries/STM32F10x_StdPeriph_Driver/src/stm32f10x_bkp.c **** 
  38:../STM32F10x_StdPeriph_Lib_V3.4.0/Libraries/STM32F10x_StdPeriph_Driver/src/stm32f10x_bkp.c **** /**
  39:../STM32F10x_StdPeriph_Lib_V3.4.0/Libraries/STM32F10x_StdPeriph_Driver/src/stm32f10x_bkp.c ****   * @}
  40:../STM32F10x_StdPeriph_Lib_V3.4.0/Libraries/STM32F10x_StdPeriph_Driver/src/stm32f10x_bkp.c ****   */
  41:../STM32F10x_StdPeriph_Lib_V3.4.0/Libraries/STM32F10x_StdPeriph_Driver/src/stm32f10x_bkp.c **** 
  42:../STM32F10x_StdPeriph_Lib_V3.4.0/Libraries/STM32F10x_StdPeriph_Driver/src/stm32f10x_bkp.c **** /** @defgroup BKP_Private_Defines
  43:../STM32F10x_StdPeriph_Lib_V3.4.0/Libraries/STM32F10x_StdPeriph_Driver/src/stm32f10x_bkp.c ****   * @{
  44:../STM32F10x_StdPeriph_Lib_V3.4.0/Libraries/STM32F10x_StdPeriph_Driver/src/stm32f10x_bkp.c ****   */
  45:../STM32F10x_StdPeriph_Lib_V3.4.0/Libraries/STM32F10x_StdPeriph_Driver/src/stm32f10x_bkp.c **** 
  46:../STM32F10x_StdPeriph_Lib_V3.4.0/Libraries/STM32F10x_StdPeriph_Driver/src/stm32f10x_bkp.c **** /* ------------ BKP registers bit address in the alias region --------------- */
  47:../STM32F10x_StdPeriph_Lib_V3.4.0/Libraries/STM32F10x_StdPeriph_Driver/src/stm32f10x_bkp.c **** #define BKP_OFFSET        (BKP_BASE - PERIPH_BASE)
  48:../STM32F10x_StdPeriph_Lib_V3.4.0/Libraries/STM32F10x_StdPeriph_Driver/src/stm32f10x_bkp.c **** 
  49:../STM32F10x_StdPeriph_Lib_V3.4.0/Libraries/STM32F10x_StdPeriph_Driver/src/stm32f10x_bkp.c **** /* --- CR Register ----*/
  50:../STM32F10x_StdPeriph_Lib_V3.4.0/Libraries/STM32F10x_StdPeriph_Driver/src/stm32f10x_bkp.c **** 
  51:../STM32F10x_StdPeriph_Lib_V3.4.0/Libraries/STM32F10x_StdPeriph_Driver/src/stm32f10x_bkp.c **** /* Alias word address of TPAL bit */
  52:../STM32F10x_StdPeriph_Lib_V3.4.0/Libraries/STM32F10x_StdPeriph_Driver/src/stm32f10x_bkp.c **** #define CR_OFFSET         (BKP_OFFSET + 0x30)
  53:../STM32F10x_StdPeriph_Lib_V3.4.0/Libraries/STM32F10x_StdPeriph_Driver/src/stm32f10x_bkp.c **** #define TPAL_BitNumber    0x01
  54:../STM32F10x_StdPeriph_Lib_V3.4.0/Libraries/STM32F10x_StdPeriph_Driver/src/stm32f10x_bkp.c **** #define CR_TPAL_BB        (PERIPH_BB_BASE + (CR_OFFSET * 32) + (TPAL_BitNumber * 4))
  55:../STM32F10x_StdPeriph_Lib_V3.4.0/Libraries/STM32F10x_StdPeriph_Driver/src/stm32f10x_bkp.c **** 
  56:../STM32F10x_StdPeriph_Lib_V3.4.0/Libraries/STM32F10x_StdPeriph_Driver/src/stm32f10x_bkp.c **** /* Alias word address of TPE bit */
  57:../STM32F10x_StdPeriph_Lib_V3.4.0/Libraries/STM32F10x_StdPeriph_Driver/src/stm32f10x_bkp.c **** #define TPE_BitNumber     0x00
  58:../STM32F10x_StdPeriph_Lib_V3.4.0/Libraries/STM32F10x_StdPeriph_Driver/src/stm32f10x_bkp.c **** #define CR_TPE_BB         (PERIPH_BB_BASE + (CR_OFFSET * 32) + (TPE_BitNumber * 4))
  59:../STM32F10x_StdPeriph_Lib_V3.4.0/Libraries/STM32F10x_StdPeriph_Driver/src/stm32f10x_bkp.c **** 
  60:../STM32F10x_StdPeriph_Lib_V3.4.0/Libraries/STM32F10x_StdPeriph_Driver/src/stm32f10x_bkp.c **** /* --- CSR Register ---*/
  61:../STM32F10x_StdPeriph_Lib_V3.4.0/Libraries/STM32F10x_StdPeriph_Driver/src/stm32f10x_bkp.c **** 
  62:../STM32F10x_StdPeriph_Lib_V3.4.0/Libraries/STM32F10x_StdPeriph_Driver/src/stm32f10x_bkp.c **** /* Alias word address of TPIE bit */
  63:../STM32F10x_StdPeriph_Lib_V3.4.0/Libraries/STM32F10x_StdPeriph_Driver/src/stm32f10x_bkp.c **** #define CSR_OFFSET        (BKP_OFFSET + 0x34)
  64:../STM32F10x_StdPeriph_Lib_V3.4.0/Libraries/STM32F10x_StdPeriph_Driver/src/stm32f10x_bkp.c **** #define TPIE_BitNumber    0x02
  65:../STM32F10x_StdPeriph_Lib_V3.4.0/Libraries/STM32F10x_StdPeriph_Driver/src/stm32f10x_bkp.c **** #define CSR_TPIE_BB       (PERIPH_BB_BASE + (CSR_OFFSET * 32) + (TPIE_BitNumber * 4))
  66:../STM32F10x_StdPeriph_Lib_V3.4.0/Libraries/STM32F10x_StdPeriph_Driver/src/stm32f10x_bkp.c **** 
  67:../STM32F10x_StdPeriph_Lib_V3.4.0/Libraries/STM32F10x_StdPeriph_Driver/src/stm32f10x_bkp.c **** /* Alias word address of TIF bit */
  68:../STM32F10x_StdPeriph_Lib_V3.4.0/Libraries/STM32F10x_StdPeriph_Driver/src/stm32f10x_bkp.c **** #define TIF_BitNumber     0x09
  69:../STM32F10x_StdPeriph_Lib_V3.4.0/Libraries/STM32F10x_StdPeriph_Driver/src/stm32f10x_bkp.c **** #define CSR_TIF_BB        (PERIPH_BB_BASE + (CSR_OFFSET * 32) + (TIF_BitNumber * 4))
  70:../STM32F10x_StdPeriph_Lib_V3.4.0/Libraries/STM32F10x_StdPeriph_Driver/src/stm32f10x_bkp.c **** 
  71:../STM32F10x_StdPeriph_Lib_V3.4.0/Libraries/STM32F10x_StdPeriph_Driver/src/stm32f10x_bkp.c **** /* Alias word address of TEF bit */
  72:../STM32F10x_StdPeriph_Lib_V3.4.0/Libraries/STM32F10x_StdPeriph_Driver/src/stm32f10x_bkp.c **** #define TEF_BitNumber     0x08
  73:../STM32F10x_StdPeriph_Lib_V3.4.0/Libraries/STM32F10x_StdPeriph_Driver/src/stm32f10x_bkp.c **** #define CSR_TEF_BB        (PERIPH_BB_BASE + (CSR_OFFSET * 32) + (TEF_BitNumber * 4))
  74:../STM32F10x_StdPeriph_Lib_V3.4.0/Libraries/STM32F10x_StdPeriph_Driver/src/stm32f10x_bkp.c **** 
  75:../STM32F10x_StdPeriph_Lib_V3.4.0/Libraries/STM32F10x_StdPeriph_Driver/src/stm32f10x_bkp.c **** /* ---------------------- BKP registers bit mask ------------------------ */
  76:../STM32F10x_StdPeriph_Lib_V3.4.0/Libraries/STM32F10x_StdPeriph_Driver/src/stm32f10x_bkp.c **** 
  77:../STM32F10x_StdPeriph_Lib_V3.4.0/Libraries/STM32F10x_StdPeriph_Driver/src/stm32f10x_bkp.c **** /* RTCCR register bit mask */
  78:../STM32F10x_StdPeriph_Lib_V3.4.0/Libraries/STM32F10x_StdPeriph_Driver/src/stm32f10x_bkp.c **** #define RTCCR_CAL_MASK    ((uint16_t)0xFF80)
  79:../STM32F10x_StdPeriph_Lib_V3.4.0/Libraries/STM32F10x_StdPeriph_Driver/src/stm32f10x_bkp.c **** #define RTCCR_MASK        ((uint16_t)0xFC7F)
  80:../STM32F10x_StdPeriph_Lib_V3.4.0/Libraries/STM32F10x_StdPeriph_Driver/src/stm32f10x_bkp.c **** 
  81:../STM32F10x_StdPeriph_Lib_V3.4.0/Libraries/STM32F10x_StdPeriph_Driver/src/stm32f10x_bkp.c **** /**
  82:../STM32F10x_StdPeriph_Lib_V3.4.0/Libraries/STM32F10x_StdPeriph_Driver/src/stm32f10x_bkp.c ****   * @}
  83:../STM32F10x_StdPeriph_Lib_V3.4.0/Libraries/STM32F10x_StdPeriph_Driver/src/stm32f10x_bkp.c ****   */ 
  84:../STM32F10x_StdPeriph_Lib_V3.4.0/Libraries/STM32F10x_StdPeriph_Driver/src/stm32f10x_bkp.c **** 
  85:../STM32F10x_StdPeriph_Lib_V3.4.0/Libraries/STM32F10x_StdPeriph_Driver/src/stm32f10x_bkp.c **** 
  86:../STM32F10x_StdPeriph_Lib_V3.4.0/Libraries/STM32F10x_StdPeriph_Driver/src/stm32f10x_bkp.c **** /** @defgroup BKP_Private_Macros
  87:../STM32F10x_StdPeriph_Lib_V3.4.0/Libraries/STM32F10x_StdPeriph_Driver/src/stm32f10x_bkp.c ****   * @{
  88:../STM32F10x_StdPeriph_Lib_V3.4.0/Libraries/STM32F10x_StdPeriph_Driver/src/stm32f10x_bkp.c ****   */
  89:../STM32F10x_StdPeriph_Lib_V3.4.0/Libraries/STM32F10x_StdPeriph_Driver/src/stm32f10x_bkp.c **** 
  90:../STM32F10x_StdPeriph_Lib_V3.4.0/Libraries/STM32F10x_StdPeriph_Driver/src/stm32f10x_bkp.c **** /**
  91:../STM32F10x_StdPeriph_Lib_V3.4.0/Libraries/STM32F10x_StdPeriph_Driver/src/stm32f10x_bkp.c ****   * @}
  92:../STM32F10x_StdPeriph_Lib_V3.4.0/Libraries/STM32F10x_StdPeriph_Driver/src/stm32f10x_bkp.c ****   */
  93:../STM32F10x_StdPeriph_Lib_V3.4.0/Libraries/STM32F10x_StdPeriph_Driver/src/stm32f10x_bkp.c **** 
  94:../STM32F10x_StdPeriph_Lib_V3.4.0/Libraries/STM32F10x_StdPeriph_Driver/src/stm32f10x_bkp.c **** /** @defgroup BKP_Private_Variables
  95:../STM32F10x_StdPeriph_Lib_V3.4.0/Libraries/STM32F10x_StdPeriph_Driver/src/stm32f10x_bkp.c ****   * @{
  96:../STM32F10x_StdPeriph_Lib_V3.4.0/Libraries/STM32F10x_StdPeriph_Driver/src/stm32f10x_bkp.c ****   */
  97:../STM32F10x_StdPeriph_Lib_V3.4.0/Libraries/STM32F10x_StdPeriph_Driver/src/stm32f10x_bkp.c **** 
  98:../STM32F10x_StdPeriph_Lib_V3.4.0/Libraries/STM32F10x_StdPeriph_Driver/src/stm32f10x_bkp.c **** /**
  99:../STM32F10x_StdPeriph_Lib_V3.4.0/Libraries/STM32F10x_StdPeriph_Driver/src/stm32f10x_bkp.c ****   * @}
 100:../STM32F10x_StdPeriph_Lib_V3.4.0/Libraries/STM32F10x_StdPeriph_Driver/src/stm32f10x_bkp.c ****   */
 101:../STM32F10x_StdPeriph_Lib_V3.4.0/Libraries/STM32F10x_StdPeriph_Driver/src/stm32f10x_bkp.c **** 
 102:../STM32F10x_StdPeriph_Lib_V3.4.0/Libraries/STM32F10x_StdPeriph_Driver/src/stm32f10x_bkp.c **** /** @defgroup BKP_Private_FunctionPrototypes
 103:../STM32F10x_StdPeriph_Lib_V3.4.0/Libraries/STM32F10x_StdPeriph_Driver/src/stm32f10x_bkp.c ****   * @{
 104:../STM32F10x_StdPeriph_Lib_V3.4.0/Libraries/STM32F10x_StdPeriph_Driver/src/stm32f10x_bkp.c ****   */
 105:../STM32F10x_StdPeriph_Lib_V3.4.0/Libraries/STM32F10x_StdPeriph_Driver/src/stm32f10x_bkp.c **** 
 106:../STM32F10x_StdPeriph_Lib_V3.4.0/Libraries/STM32F10x_StdPeriph_Driver/src/stm32f10x_bkp.c **** /**
 107:../STM32F10x_StdPeriph_Lib_V3.4.0/Libraries/STM32F10x_StdPeriph_Driver/src/stm32f10x_bkp.c ****   * @}
 108:../STM32F10x_StdPeriph_Lib_V3.4.0/Libraries/STM32F10x_StdPeriph_Driver/src/stm32f10x_bkp.c ****   */
 109:../STM32F10x_StdPeriph_Lib_V3.4.0/Libraries/STM32F10x_StdPeriph_Driver/src/stm32f10x_bkp.c **** 
 110:../STM32F10x_StdPeriph_Lib_V3.4.0/Libraries/STM32F10x_StdPeriph_Driver/src/stm32f10x_bkp.c **** /** @defgroup BKP_Private_Functions
 111:../STM32F10x_StdPeriph_Lib_V3.4.0/Libraries/STM32F10x_StdPeriph_Driver/src/stm32f10x_bkp.c ****   * @{
 112:../STM32F10x_StdPeriph_Lib_V3.4.0/Libraries/STM32F10x_StdPeriph_Driver/src/stm32f10x_bkp.c ****   */
 113:../STM32F10x_StdPeriph_Lib_V3.4.0/Libraries/STM32F10x_StdPeriph_Driver/src/stm32f10x_bkp.c **** 
 114:../STM32F10x_StdPeriph_Lib_V3.4.0/Libraries/STM32F10x_StdPeriph_Driver/src/stm32f10x_bkp.c **** /**
 115:../STM32F10x_StdPeriph_Lib_V3.4.0/Libraries/STM32F10x_StdPeriph_Driver/src/stm32f10x_bkp.c ****   * @brief  Deinitializes the BKP peripheral registers to their default reset values.
 116:../STM32F10x_StdPeriph_Lib_V3.4.0/Libraries/STM32F10x_StdPeriph_Driver/src/stm32f10x_bkp.c ****   * @param  None
 117:../STM32F10x_StdPeriph_Lib_V3.4.0/Libraries/STM32F10x_StdPeriph_Driver/src/stm32f10x_bkp.c ****   * @retval None
 118:../STM32F10x_StdPeriph_Lib_V3.4.0/Libraries/STM32F10x_StdPeriph_Driver/src/stm32f10x_bkp.c ****   */
 119:../STM32F10x_StdPeriph_Lib_V3.4.0/Libraries/STM32F10x_StdPeriph_Driver/src/stm32f10x_bkp.c **** void BKP_DeInit(void)
 120:../STM32F10x_StdPeriph_Lib_V3.4.0/Libraries/STM32F10x_StdPeriph_Driver/src/stm32f10x_bkp.c **** {
 19403              		.loc 1 120 0
 19404              		.cfi_startproc
 19405              		@ args = 0, pretend = 0, frame = 0
 19406              		@ frame_needed = 0, uses_anonymous_args = 0
 121:../STM32F10x_StdPeriph_Lib_V3.4.0/Libraries/STM32F10x_StdPeriph_Driver/src/stm32f10x_bkp.c ****   RCC_BackupResetCmd(ENABLE);
 19407              		.loc 1 121 0
 19408 0000 0120     		movs	r0, #1
 120:../STM32F10x_StdPeriph_Lib_V3.4.0/Libraries/STM32F10x_StdPeriph_Driver/src/stm32f10x_bkp.c **** {
 19409              		.loc 1 120 0
 19410 0002 10B5     		push	{r4, lr}
 19411              	.LCFI0:
 19412              		.cfi_def_cfa_offset 8
 19413              		.loc 1 121 0
 19414              		.cfi_offset 14, -4
 19415              		.cfi_offset 4, -8
 19416 0004 FFF7FEFF 		bl	RCC_BackupResetCmd
 122:../STM32F10x_StdPeriph_Lib_V3.4.0/Libraries/STM32F10x_StdPeriph_Driver/src/stm32f10x_bkp.c ****   RCC_BackupResetCmd(DISABLE);
 19417              		.loc 1 122 0
 19418 0008 0020     		movs	r0, #0
 123:../STM32F10x_StdPeriph_Lib_V3.4.0/Libraries/STM32F10x_StdPeriph_Driver/src/stm32f10x_bkp.c **** }
 19419              		.loc 1 123 0
 19420 000a BDE81040 		pop	{r4, lr}
 122:../STM32F10x_StdPeriph_Lib_V3.4.0/Libraries/STM32F10x_StdPeriph_Driver/src/stm32f10x_bkp.c ****   RCC_BackupResetCmd(DISABLE);
 19421              		.loc 1 122 0
 19422 000e FFF7FEBF 		b	RCC_BackupResetCmd
 19423              		.cfi_endproc
 19424              	.LFE29:
 19426              		.align	1
 19427              		.global	BKP_TamperPinLevelConfig
 19428              		.thumb
 19429              		.thumb_func
 19431              	BKP_TamperPinLevelConfig:
 19432              	.LFB30:
 124:../STM32F10x_StdPeriph_Lib_V3.4.0/Libraries/STM32F10x_StdPeriph_Driver/src/stm32f10x_bkp.c **** 
 125:../STM32F10x_StdPeriph_Lib_V3.4.0/Libraries/STM32F10x_StdPeriph_Driver/src/stm32f10x_bkp.c **** /**
 126:../STM32F10x_StdPeriph_Lib_V3.4.0/Libraries/STM32F10x_StdPeriph_Driver/src/stm32f10x_bkp.c ****   * @brief  Configures the Tamper Pin active level.
 127:../STM32F10x_StdPeriph_Lib_V3.4.0/Libraries/STM32F10x_StdPeriph_Driver/src/stm32f10x_bkp.c ****   * @param  BKP_TamperPinLevel: specifies the Tamper Pin active level.
 128:../STM32F10x_StdPeriph_Lib_V3.4.0/Libraries/STM32F10x_StdPeriph_Driver/src/stm32f10x_bkp.c ****   *   This parameter can be one of the following values:
 129:../STM32F10x_StdPeriph_Lib_V3.4.0/Libraries/STM32F10x_StdPeriph_Driver/src/stm32f10x_bkp.c ****   *     @arg BKP_TamperPinLevel_High: Tamper pin active on high level
 130:../STM32F10x_StdPeriph_Lib_V3.4.0/Libraries/STM32F10x_StdPeriph_Driver/src/stm32f10x_bkp.c ****   *     @arg BKP_TamperPinLevel_Low: Tamper pin active on low level
 131:../STM32F10x_StdPeriph_Lib_V3.4.0/Libraries/STM32F10x_StdPeriph_Driver/src/stm32f10x_bkp.c ****   * @retval None
 132:../STM32F10x_StdPeriph_Lib_V3.4.0/Libraries/STM32F10x_StdPeriph_Driver/src/stm32f10x_bkp.c ****   */
 133:../STM32F10x_StdPeriph_Lib_V3.4.0/Libraries/STM32F10x_StdPeriph_Driver/src/stm32f10x_bkp.c **** void BKP_TamperPinLevelConfig(uint16_t BKP_TamperPinLevel)
 134:../STM32F10x_StdPeriph_Lib_V3.4.0/Libraries/STM32F10x_StdPeriph_Driver/src/stm32f10x_bkp.c **** {
 19433              		.loc 1 134 0
 19434              		.cfi_startproc
 19435              		@ args = 0, pretend = 0, frame = 0
 19436              		@ frame_needed = 0, uses_anonymous_args = 0
 19437              		@ link register save eliminated.
 19438              	.LVL0:
 135:../STM32F10x_StdPeriph_Lib_V3.4.0/Libraries/STM32F10x_StdPeriph_Driver/src/stm32f10x_bkp.c ****   /* Check the parameters */
 136:../STM32F10x_StdPeriph_Lib_V3.4.0/Libraries/STM32F10x_StdPeriph_Driver/src/stm32f10x_bkp.c ****   assert_param(IS_BKP_TAMPER_PIN_LEVEL(BKP_TamperPinLevel));
 137:../STM32F10x_StdPeriph_Lib_V3.4.0/Libraries/STM32F10x_StdPeriph_Driver/src/stm32f10x_bkp.c ****   *(__IO uint32_t *) CR_TPAL_BB = BKP_TamperPinLevel;
 19439              		.loc 1 137 0
 19440 0012 014B     		ldr	r3, .L3
 19441 0014 1860     		str	r0, [r3, #0]
 138:../STM32F10x_StdPeriph_Lib_V3.4.0/Libraries/STM32F10x_StdPeriph_Driver/src/stm32f10x_bkp.c **** }
 19442              		.loc 1 138 0
 19443 0016 7047     		bx	lr
 19444              	.L4:
 19445              		.align	2
 19446              	.L3:
 19447 0018 04860D42 		.word	1108182532
 19448              		.cfi_endproc
 19449              	.LFE30:
 19451              		.align	1
 19452              		.global	BKP_TamperPinCmd
 19453              		.thumb
 19454              		.thumb_func
 19456              	BKP_TamperPinCmd:
 19457              	.LFB31:
 139:../STM32F10x_StdPeriph_Lib_V3.4.0/Libraries/STM32F10x_StdPeriph_Driver/src/stm32f10x_bkp.c **** 
 140:../STM32F10x_StdPeriph_Lib_V3.4.0/Libraries/STM32F10x_StdPeriph_Driver/src/stm32f10x_bkp.c **** /**
 141:../STM32F10x_StdPeriph_Lib_V3.4.0/Libraries/STM32F10x_StdPeriph_Driver/src/stm32f10x_bkp.c ****   * @brief  Enables or disables the Tamper Pin activation.
 142:../STM32F10x_StdPeriph_Lib_V3.4.0/Libraries/STM32F10x_StdPeriph_Driver/src/stm32f10x_bkp.c ****   * @param  NewState: new state of the Tamper Pin activation.
 143:../STM32F10x_StdPeriph_Lib_V3.4.0/Libraries/STM32F10x_StdPeriph_Driver/src/stm32f10x_bkp.c ****   *   This parameter can be: ENABLE or DISABLE.
 144:../STM32F10x_StdPeriph_Lib_V3.4.0/Libraries/STM32F10x_StdPeriph_Driver/src/stm32f10x_bkp.c ****   * @retval None
 145:../STM32F10x_StdPeriph_Lib_V3.4.0/Libraries/STM32F10x_StdPeriph_Driver/src/stm32f10x_bkp.c ****   */
 146:../STM32F10x_StdPeriph_Lib_V3.4.0/Libraries/STM32F10x_StdPeriph_Driver/src/stm32f10x_bkp.c **** void BKP_TamperPinCmd(FunctionalState NewState)
 147:../STM32F10x_StdPeriph_Lib_V3.4.0/Libraries/STM32F10x_StdPeriph_Driver/src/stm32f10x_bkp.c **** {
 19458              		.loc 1 147 0
 19459              		.cfi_startproc
 19460              		@ args = 0, pretend = 0, frame = 0
 19461              		@ frame_needed = 0, uses_anonymous_args = 0
 19462              		@ link register save eliminated.
 19463              	.LVL1:
 148:../STM32F10x_StdPeriph_Lib_V3.4.0/Libraries/STM32F10x_StdPeriph_Driver/src/stm32f10x_bkp.c ****   /* Check the parameters */
 149:../STM32F10x_StdPeriph_Lib_V3.4.0/Libraries/STM32F10x_StdPeriph_Driver/src/stm32f10x_bkp.c ****   assert_param(IS_FUNCTIONAL_STATE(NewState));
 150:../STM32F10x_StdPeriph_Lib_V3.4.0/Libraries/STM32F10x_StdPeriph_Driver/src/stm32f10x_bkp.c ****   *(__IO uint32_t *) CR_TPE_BB = (uint32_t)NewState;
 19464              		.loc 1 150 0
 19465 001c 014B     		ldr	r3, .L6
 19466 001e 1860     		str	r0, [r3, #0]
 151:../STM32F10x_StdPeriph_Lib_V3.4.0/Libraries/STM32F10x_StdPeriph_Driver/src/stm32f10x_bkp.c **** }
 19467              		.loc 1 151 0
 19468 0020 7047     		bx	lr
 19469              	.L7:
 19470 0022 00BF     		.align	2
 19471              	.L6:
 19472 0024 00860D42 		.word	1108182528
 19473              		.cfi_endproc
 19474              	.LFE31:
 19476              		.align	1
 19477              		.global	BKP_ITConfig
 19478              		.thumb
 19479              		.thumb_func
 19481              	BKP_ITConfig:
 19482              	.LFB32:
 152:../STM32F10x_StdPeriph_Lib_V3.4.0/Libraries/STM32F10x_StdPeriph_Driver/src/stm32f10x_bkp.c **** 
 153:../STM32F10x_StdPeriph_Lib_V3.4.0/Libraries/STM32F10x_StdPeriph_Driver/src/stm32f10x_bkp.c **** /**
 154:../STM32F10x_StdPeriph_Lib_V3.4.0/Libraries/STM32F10x_StdPeriph_Driver/src/stm32f10x_bkp.c ****   * @brief  Enables or disables the Tamper Pin Interrupt.
 155:../STM32F10x_StdPeriph_Lib_V3.4.0/Libraries/STM32F10x_StdPeriph_Driver/src/stm32f10x_bkp.c ****   * @param  NewState: new state of the Tamper Pin Interrupt.
 156:../STM32F10x_StdPeriph_Lib_V3.4.0/Libraries/STM32F10x_StdPeriph_Driver/src/stm32f10x_bkp.c ****   *   This parameter can be: ENABLE or DISABLE.
 157:../STM32F10x_StdPeriph_Lib_V3.4.0/Libraries/STM32F10x_StdPeriph_Driver/src/stm32f10x_bkp.c ****   * @retval None
 158:../STM32F10x_StdPeriph_Lib_V3.4.0/Libraries/STM32F10x_StdPeriph_Driver/src/stm32f10x_bkp.c ****   */
 159:../STM32F10x_StdPeriph_Lib_V3.4.0/Libraries/STM32F10x_StdPeriph_Driver/src/stm32f10x_bkp.c **** void BKP_ITConfig(FunctionalState NewState)
 160:../STM32F10x_StdPeriph_Lib_V3.4.0/Libraries/STM32F10x_StdPeriph_Driver/src/stm32f10x_bkp.c **** {
 19483              		.loc 1 160 0
 19484              		.cfi_startproc
 19485              		@ args = 0, pretend = 0, frame = 0
 19486              		@ frame_needed = 0, uses_anonymous_args = 0
 19487              		@ link register save eliminated.
 19488              	.LVL2:
 161:../STM32F10x_StdPeriph_Lib_V3.4.0/Libraries/STM32F10x_StdPeriph_Driver/src/stm32f10x_bkp.c ****   /* Check the parameters */
 162:../STM32F10x_StdPeriph_Lib_V3.4.0/Libraries/STM32F10x_StdPeriph_Driver/src/stm32f10x_bkp.c ****   assert_param(IS_FUNCTIONAL_STATE(NewState));
 163:../STM32F10x_StdPeriph_Lib_V3.4.0/Libraries/STM32F10x_StdPeriph_Driver/src/stm32f10x_bkp.c ****   *(__IO uint32_t *) CSR_TPIE_BB = (uint32_t)NewState;
 19489              		.loc 1 163 0
 19490 0028 014B     		ldr	r3, .L9
 19491 002a 1860     		str	r0, [r3, #0]
 164:../STM32F10x_StdPeriph_Lib_V3.4.0/Libraries/STM32F10x_StdPeriph_Driver/src/stm32f10x_bkp.c **** }
 19492              		.loc 1 164 0
 19493 002c 7047     		bx	lr
 19494              	.L10:
 19495 002e 00BF     		.align	2
 19496              	.L9:
 19497 0030 88860D42 		.word	1108182664
 19498              		.cfi_endproc
 19499              	.LFE32:
 19501              		.align	1
 19502              		.global	BKP_RTCOutputConfig
 19503              		.thumb
 19504              		.thumb_func
 19506              	BKP_RTCOutputConfig:
 19507              	.LFB33:
 165:../STM32F10x_StdPeriph_Lib_V3.4.0/Libraries/STM32F10x_StdPeriph_Driver/src/stm32f10x_bkp.c **** 
 166:../STM32F10x_StdPeriph_Lib_V3.4.0/Libraries/STM32F10x_StdPeriph_Driver/src/stm32f10x_bkp.c **** /**
 167:../STM32F10x_StdPeriph_Lib_V3.4.0/Libraries/STM32F10x_StdPeriph_Driver/src/stm32f10x_bkp.c ****   * @brief  Select the RTC output source to output on the Tamper pin.
 168:../STM32F10x_StdPeriph_Lib_V3.4.0/Libraries/STM32F10x_StdPeriph_Driver/src/stm32f10x_bkp.c ****   * @param  BKP_RTCOutputSource: specifies the RTC output source.
 169:../STM32F10x_StdPeriph_Lib_V3.4.0/Libraries/STM32F10x_StdPeriph_Driver/src/stm32f10x_bkp.c ****   *   This parameter can be one of the following values:
 170:../STM32F10x_StdPeriph_Lib_V3.4.0/Libraries/STM32F10x_StdPeriph_Driver/src/stm32f10x_bkp.c ****   *     @arg BKP_RTCOutputSource_None: no RTC output on the Tamper pin.
 171:../STM32F10x_StdPeriph_Lib_V3.4.0/Libraries/STM32F10x_StdPeriph_Driver/src/stm32f10x_bkp.c ****   *     @arg BKP_RTCOutputSource_CalibClock: output the RTC clock with frequency
 172:../STM32F10x_StdPeriph_Lib_V3.4.0/Libraries/STM32F10x_StdPeriph_Driver/src/stm32f10x_bkp.c ****   *                                          divided by 64 on the Tamper pin.
 173:../STM32F10x_StdPeriph_Lib_V3.4.0/Libraries/STM32F10x_StdPeriph_Driver/src/stm32f10x_bkp.c ****   *     @arg BKP_RTCOutputSource_Alarm: output the RTC Alarm pulse signal on
 174:../STM32F10x_StdPeriph_Lib_V3.4.0/Libraries/STM32F10x_StdPeriph_Driver/src/stm32f10x_bkp.c ****   *                                     the Tamper pin.
 175:../STM32F10x_StdPeriph_Lib_V3.4.0/Libraries/STM32F10x_StdPeriph_Driver/src/stm32f10x_bkp.c ****   *     @arg BKP_RTCOutputSource_Second: output the RTC Second pulse signal on
 176:../STM32F10x_StdPeriph_Lib_V3.4.0/Libraries/STM32F10x_StdPeriph_Driver/src/stm32f10x_bkp.c ****   *                                      the Tamper pin.  
 177:../STM32F10x_StdPeriph_Lib_V3.4.0/Libraries/STM32F10x_StdPeriph_Driver/src/stm32f10x_bkp.c ****   * @retval None
 178:../STM32F10x_StdPeriph_Lib_V3.4.0/Libraries/STM32F10x_StdPeriph_Driver/src/stm32f10x_bkp.c ****   */
 179:../STM32F10x_StdPeriph_Lib_V3.4.0/Libraries/STM32F10x_StdPeriph_Driver/src/stm32f10x_bkp.c **** void BKP_RTCOutputConfig(uint16_t BKP_RTCOutputSource)
 180:../STM32F10x_StdPeriph_Lib_V3.4.0/Libraries/STM32F10x_StdPeriph_Driver/src/stm32f10x_bkp.c **** {
 19508              		.loc 1 180 0
 19509              		.cfi_startproc
 19510              		@ args = 0, pretend = 0, frame = 0
 19511              		@ frame_needed = 0, uses_anonymous_args = 0
 19512              		@ link register save eliminated.
 19513              	.LVL3:
 181:../STM32F10x_StdPeriph_Lib_V3.4.0/Libraries/STM32F10x_StdPeriph_Driver/src/stm32f10x_bkp.c ****   uint16_t tmpreg = 0;
 182:../STM32F10x_StdPeriph_Lib_V3.4.0/Libraries/STM32F10x_StdPeriph_Driver/src/stm32f10x_bkp.c ****   /* Check the parameters */
 183:../STM32F10x_StdPeriph_Lib_V3.4.0/Libraries/STM32F10x_StdPeriph_Driver/src/stm32f10x_bkp.c ****   assert_param(IS_BKP_RTC_OUTPUT_SOURCE(BKP_RTCOutputSource));
 184:../STM32F10x_StdPeriph_Lib_V3.4.0/Libraries/STM32F10x_StdPeriph_Driver/src/stm32f10x_bkp.c ****   tmpreg = BKP->RTCCR;
 19514              		.loc 1 184 0
 19515 0034 044A     		ldr	r2, .L12
 19516 0036 938D     		ldrh	r3, [r2, #44]
 19517              	.LVL4:
 185:../STM32F10x_StdPeriph_Lib_V3.4.0/Libraries/STM32F10x_StdPeriph_Driver/src/stm32f10x_bkp.c ****   /* Clear CCO, ASOE and ASOS bits */
 186:../STM32F10x_StdPeriph_Lib_V3.4.0/Libraries/STM32F10x_StdPeriph_Driver/src/stm32f10x_bkp.c ****   tmpreg &= RTCCR_MASK;
 19518              		.loc 1 186 0
 19519 0038 23F46073 		bic	r3, r3, #896
 19520              	.LVL5:
 19521 003c 1B04     		lsls	r3, r3, #16
 19522 003e 1B0C     		lsrs	r3, r3, #16
 19523              	.LVL6:
 187:../STM32F10x_StdPeriph_Lib_V3.4.0/Libraries/STM32F10x_StdPeriph_Driver/src/stm32f10x_bkp.c ****   
 188:../STM32F10x_StdPeriph_Lib_V3.4.0/Libraries/STM32F10x_StdPeriph_Driver/src/stm32f10x_bkp.c ****   /* Set CCO, ASOE and ASOS bits according to BKP_RTCOutputSource value */
 189:../STM32F10x_StdPeriph_Lib_V3.4.0/Libraries/STM32F10x_StdPeriph_Driver/src/stm32f10x_bkp.c ****   tmpreg |= BKP_RTCOutputSource;
 19524              		.loc 1 189 0
 19525 0040 40EA0303 		orr	r3, r0, r3
 19526              	.LVL7:
 190:../STM32F10x_StdPeriph_Lib_V3.4.0/Libraries/STM32F10x_StdPeriph_Driver/src/stm32f10x_bkp.c ****   /* Store the new value */
 191:../STM32F10x_StdPeriph_Lib_V3.4.0/Libraries/STM32F10x_StdPeriph_Driver/src/stm32f10x_bkp.c ****   BKP->RTCCR = tmpreg;
 19527              		.loc 1 191 0
 19528 0044 9385     		strh	r3, [r2, #44]	@ movhi
 192:../STM32F10x_StdPeriph_Lib_V3.4.0/Libraries/STM32F10x_StdPeriph_Driver/src/stm32f10x_bkp.c **** }
 19529              		.loc 1 192 0
 19530 0046 7047     		bx	lr
 19531              	.L13:
 19532              		.align	2
 19533              	.L12:
 19534 0048 006C0040 		.word	1073769472
 19535              		.cfi_endproc
 19536              	.LFE33:
 19538              		.align	1
 19539              		.global	BKP_SetRTCCalibrationValue
 19540              		.thumb
 19541              		.thumb_func
 19543              	BKP_SetRTCCalibrationValue:
 19544              	.LFB34:
 193:../STM32F10x_StdPeriph_Lib_V3.4.0/Libraries/STM32F10x_StdPeriph_Driver/src/stm32f10x_bkp.c **** 
 194:../STM32F10x_StdPeriph_Lib_V3.4.0/Libraries/STM32F10x_StdPeriph_Driver/src/stm32f10x_bkp.c **** /**
 195:../STM32F10x_StdPeriph_Lib_V3.4.0/Libraries/STM32F10x_StdPeriph_Driver/src/stm32f10x_bkp.c ****   * @brief  Sets RTC Clock Calibration value.
 196:../STM32F10x_StdPeriph_Lib_V3.4.0/Libraries/STM32F10x_StdPeriph_Driver/src/stm32f10x_bkp.c ****   * @param  CalibrationValue: specifies the RTC Clock Calibration value.
 197:../STM32F10x_StdPeriph_Lib_V3.4.0/Libraries/STM32F10x_StdPeriph_Driver/src/stm32f10x_bkp.c ****   *   This parameter must be a number between 0 and 0x7F.
 198:../STM32F10x_StdPeriph_Lib_V3.4.0/Libraries/STM32F10x_StdPeriph_Driver/src/stm32f10x_bkp.c ****   * @retval None
 199:../STM32F10x_StdPeriph_Lib_V3.4.0/Libraries/STM32F10x_StdPeriph_Driver/src/stm32f10x_bkp.c ****   */
 200:../STM32F10x_StdPeriph_Lib_V3.4.0/Libraries/STM32F10x_StdPeriph_Driver/src/stm32f10x_bkp.c **** void BKP_SetRTCCalibrationValue(uint8_t CalibrationValue)
 201:../STM32F10x_StdPeriph_Lib_V3.4.0/Libraries/STM32F10x_StdPeriph_Driver/src/stm32f10x_bkp.c **** {
 19545              		.loc 1 201 0
 19546              		.cfi_startproc
 19547              		@ args = 0, pretend = 0, frame = 0
 19548              		@ frame_needed = 0, uses_anonymous_args = 0
 19549              		@ link register save eliminated.
 19550              	.LVL8:
 202:../STM32F10x_StdPeriph_Lib_V3.4.0/Libraries/STM32F10x_StdPeriph_Driver/src/stm32f10x_bkp.c ****   uint16_t tmpreg = 0;
 203:../STM32F10x_StdPeriph_Lib_V3.4.0/Libraries/STM32F10x_StdPeriph_Driver/src/stm32f10x_bkp.c ****   /* Check the parameters */
 204:../STM32F10x_StdPeriph_Lib_V3.4.0/Libraries/STM32F10x_StdPeriph_Driver/src/stm32f10x_bkp.c ****   assert_param(IS_BKP_CALIBRATION_VALUE(CalibrationValue));
 205:../STM32F10x_StdPeriph_Lib_V3.4.0/Libraries/STM32F10x_StdPeriph_Driver/src/stm32f10x_bkp.c ****   tmpreg = BKP->RTCCR;
 19551              		.loc 1 205 0
 19552 004c 044A     		ldr	r2, .L15
 19553 004e 938D     		ldrh	r3, [r2, #44]
 19554              	.LVL9:
 206:../STM32F10x_StdPeriph_Lib_V3.4.0/Libraries/STM32F10x_StdPeriph_Driver/src/stm32f10x_bkp.c ****   /* Clear CAL[6:0] bits */
 207:../STM32F10x_StdPeriph_Lib_V3.4.0/Libraries/STM32F10x_StdPeriph_Driver/src/stm32f10x_bkp.c ****   tmpreg &= RTCCR_CAL_MASK;
 19555              		.loc 1 207 0
 19556 0050 23F07F03 		bic	r3, r3, #127
 19557              	.LVL10:
 19558 0054 1B04     		lsls	r3, r3, #16
 19559 0056 1B0C     		lsrs	r3, r3, #16
 19560              	.LVL11:
 208:../STM32F10x_StdPeriph_Lib_V3.4.0/Libraries/STM32F10x_StdPeriph_Driver/src/stm32f10x_bkp.c ****   /* Set CAL[6:0] bits according to CalibrationValue value */
 209:../STM32F10x_StdPeriph_Lib_V3.4.0/Libraries/STM32F10x_StdPeriph_Driver/src/stm32f10x_bkp.c ****   tmpreg |= CalibrationValue;
 19561              		.loc 1 209 0
 19562 0058 40EA0303 		orr	r3, r0, r3
 19563              	.LVL12:
 210:../STM32F10x_StdPeriph_Lib_V3.4.0/Libraries/STM32F10x_StdPeriph_Driver/src/stm32f10x_bkp.c ****   /* Store the new value */
 211:../STM32F10x_StdPeriph_Lib_V3.4.0/Libraries/STM32F10x_StdPeriph_Driver/src/stm32f10x_bkp.c ****   BKP->RTCCR = tmpreg;
 19564              		.loc 1 211 0
 19565 005c 9385     		strh	r3, [r2, #44]	@ movhi
 212:../STM32F10x_StdPeriph_Lib_V3.4.0/Libraries/STM32F10x_StdPeriph_Driver/src/stm32f10x_bkp.c **** }
 19566              		.loc 1 212 0
 19567 005e 7047     		bx	lr
 19568              	.L16:
 19569              		.align	2
 19570              	.L15:
 19571 0060 006C0040 		.word	1073769472
 19572              		.cfi_endproc
 19573              	.LFE34:
 19575              		.align	1
 19576              		.global	BKP_WriteBackupRegister
 19577              		.thumb
 19578              		.thumb_func
 19580              	BKP_WriteBackupRegister:
 19581              	.LFB35:
 213:../STM32F10x_StdPeriph_Lib_V3.4.0/Libraries/STM32F10x_StdPeriph_Driver/src/stm32f10x_bkp.c **** 
 214:../STM32F10x_StdPeriph_Lib_V3.4.0/Libraries/STM32F10x_StdPeriph_Driver/src/stm32f10x_bkp.c **** /**
 215:../STM32F10x_StdPeriph_Lib_V3.4.0/Libraries/STM32F10x_StdPeriph_Driver/src/stm32f10x_bkp.c ****   * @brief  Writes user data to the specified Data Backup Register.
 216:../STM32F10x_StdPeriph_Lib_V3.4.0/Libraries/STM32F10x_StdPeriph_Driver/src/stm32f10x_bkp.c ****   * @param  BKP_DR: specifies the Data Backup Register.
 217:../STM32F10x_StdPeriph_Lib_V3.4.0/Libraries/STM32F10x_StdPeriph_Driver/src/stm32f10x_bkp.c ****   *   This parameter can be BKP_DRx where x:[1, 42]
 218:../STM32F10x_StdPeriph_Lib_V3.4.0/Libraries/STM32F10x_StdPeriph_Driver/src/stm32f10x_bkp.c ****   * @param  Data: data to write
 219:../STM32F10x_StdPeriph_Lib_V3.4.0/Libraries/STM32F10x_StdPeriph_Driver/src/stm32f10x_bkp.c ****   * @retval None
 220:../STM32F10x_StdPeriph_Lib_V3.4.0/Libraries/STM32F10x_StdPeriph_Driver/src/stm32f10x_bkp.c ****   */
 221:../STM32F10x_StdPeriph_Lib_V3.4.0/Libraries/STM32F10x_StdPeriph_Driver/src/stm32f10x_bkp.c **** void BKP_WriteBackupRegister(uint16_t BKP_DR, uint16_t Data)
 222:../STM32F10x_StdPeriph_Lib_V3.4.0/Libraries/STM32F10x_StdPeriph_Driver/src/stm32f10x_bkp.c **** {
 19582              		.loc 1 222 0
 19583              		.cfi_startproc
 19584              		@ args = 0, pretend = 0, frame = 8
 19585              		@ frame_needed = 0, uses_anonymous_args = 0
 19586              		@ link register save eliminated.
 19587              	.LVL13:
 19588 0064 82B0     		sub	sp, sp, #8
 19589              	.LCFI1:
 19590              		.cfi_def_cfa_offset 8
 223:../STM32F10x_StdPeriph_Lib_V3.4.0/Libraries/STM32F10x_StdPeriph_Driver/src/stm32f10x_bkp.c ****   __IO uint32_t tmp = 0;
 19591              		.loc 1 223 0
 19592 0066 0023     		movs	r3, #0
 19593 0068 0193     		str	r3, [sp, #4]
 19594              	.LVL14:
 224:../STM32F10x_StdPeriph_Lib_V3.4.0/Libraries/STM32F10x_StdPeriph_Driver/src/stm32f10x_bkp.c **** 
 225:../STM32F10x_StdPeriph_Lib_V3.4.0/Libraries/STM32F10x_StdPeriph_Driver/src/stm32f10x_bkp.c ****   /* Check the parameters */
 226:../STM32F10x_StdPeriph_Lib_V3.4.0/Libraries/STM32F10x_StdPeriph_Driver/src/stm32f10x_bkp.c ****   assert_param(IS_BKP_DR(BKP_DR));
 227:../STM32F10x_StdPeriph_Lib_V3.4.0/Libraries/STM32F10x_StdPeriph_Driver/src/stm32f10x_bkp.c **** 
 228:../STM32F10x_StdPeriph_Lib_V3.4.0/Libraries/STM32F10x_StdPeriph_Driver/src/stm32f10x_bkp.c ****   tmp = (uint32_t)BKP_BASE; 
 19595              		.loc 1 228 0
 19596 006a 044B     		ldr	r3, .L18
 19597 006c 0193     		str	r3, [sp, #4]
 229:../STM32F10x_StdPeriph_Lib_V3.4.0/Libraries/STM32F10x_StdPeriph_Driver/src/stm32f10x_bkp.c ****   tmp += BKP_DR;
 19598              		.loc 1 229 0
 19599 006e 019B     		ldr	r3, [sp, #4]
 19600 0070 C318     		adds	r3, r0, r3
 19601              	.LVL15:
 19602 0072 0193     		str	r3, [sp, #4]
 19603              	.LVL16:
 230:../STM32F10x_StdPeriph_Lib_V3.4.0/Libraries/STM32F10x_StdPeriph_Driver/src/stm32f10x_bkp.c **** 
 231:../STM32F10x_StdPeriph_Lib_V3.4.0/Libraries/STM32F10x_StdPeriph_Driver/src/stm32f10x_bkp.c ****   *(__IO uint32_t *) tmp = Data;
 19604              		.loc 1 231 0
 19605 0074 019B     		ldr	r3, [sp, #4]
 19606              	.LVL17:
 19607 0076 1960     		str	r1, [r3, #0]
 232:../STM32F10x_StdPeriph_Lib_V3.4.0/Libraries/STM32F10x_StdPeriph_Driver/src/stm32f10x_bkp.c **** }
 19608              		.loc 1 232 0
 19609 0078 02B0     		add	sp, sp, #8
 19610 007a 7047     		bx	lr
 19611              	.L19:
 19612              		.align	2
 19613              	.L18:
 19614 007c 006C0040 		.word	1073769472
 19615              		.cfi_endproc
 19616              	.LFE35:
 19618              		.align	1
 19619              		.global	BKP_ReadBackupRegister
 19620              		.thumb
 19621              		.thumb_func
 19623              	BKP_ReadBackupRegister:
 19624              	.LFB36:
 233:../STM32F10x_StdPeriph_Lib_V3.4.0/Libraries/STM32F10x_StdPeriph_Driver/src/stm32f10x_bkp.c **** 
 234:../STM32F10x_StdPeriph_Lib_V3.4.0/Libraries/STM32F10x_StdPeriph_Driver/src/stm32f10x_bkp.c **** /**
 235:../STM32F10x_StdPeriph_Lib_V3.4.0/Libraries/STM32F10x_StdPeriph_Driver/src/stm32f10x_bkp.c ****   * @brief  Reads data from the specified Data Backup Register.
 236:../STM32F10x_StdPeriph_Lib_V3.4.0/Libraries/STM32F10x_StdPeriph_Driver/src/stm32f10x_bkp.c ****   * @param  BKP_DR: specifies the Data Backup Register.
 237:../STM32F10x_StdPeriph_Lib_V3.4.0/Libraries/STM32F10x_StdPeriph_Driver/src/stm32f10x_bkp.c ****   *   This parameter can be BKP_DRx where x:[1, 42]
 238:../STM32F10x_StdPeriph_Lib_V3.4.0/Libraries/STM32F10x_StdPeriph_Driver/src/stm32f10x_bkp.c ****   * @retval The content of the specified Data Backup Register
 239:../STM32F10x_StdPeriph_Lib_V3.4.0/Libraries/STM32F10x_StdPeriph_Driver/src/stm32f10x_bkp.c ****   */
 240:../STM32F10x_StdPeriph_Lib_V3.4.0/Libraries/STM32F10x_StdPeriph_Driver/src/stm32f10x_bkp.c **** uint16_t BKP_ReadBackupRegister(uint16_t BKP_DR)
 241:../STM32F10x_StdPeriph_Lib_V3.4.0/Libraries/STM32F10x_StdPeriph_Driver/src/stm32f10x_bkp.c **** {
 19625              		.loc 1 241 0
 19626              		.cfi_startproc
 19627              		@ args = 0, pretend = 0, frame = 8
 19628              		@ frame_needed = 0, uses_anonymous_args = 0
 19629              		@ link register save eliminated.
 19630              	.LVL18:
 19631 0080 82B0     		sub	sp, sp, #8
 19632              	.LCFI2:
 19633              		.cfi_def_cfa_offset 8
 242:../STM32F10x_StdPeriph_Lib_V3.4.0/Libraries/STM32F10x_StdPeriph_Driver/src/stm32f10x_bkp.c ****   __IO uint32_t tmp = 0;
 19634              		.loc 1 242 0
 19635 0082 0023     		movs	r3, #0
 19636 0084 0193     		str	r3, [sp, #4]
 19637              	.LVL19:
 243:../STM32F10x_StdPeriph_Lib_V3.4.0/Libraries/STM32F10x_StdPeriph_Driver/src/stm32f10x_bkp.c **** 
 244:../STM32F10x_StdPeriph_Lib_V3.4.0/Libraries/STM32F10x_StdPeriph_Driver/src/stm32f10x_bkp.c ****   /* Check the parameters */
 245:../STM32F10x_StdPeriph_Lib_V3.4.0/Libraries/STM32F10x_StdPeriph_Driver/src/stm32f10x_bkp.c ****   assert_param(IS_BKP_DR(BKP_DR));
 246:../STM32F10x_StdPeriph_Lib_V3.4.0/Libraries/STM32F10x_StdPeriph_Driver/src/stm32f10x_bkp.c **** 
 247:../STM32F10x_StdPeriph_Lib_V3.4.0/Libraries/STM32F10x_StdPeriph_Driver/src/stm32f10x_bkp.c ****   tmp = (uint32_t)BKP_BASE; 
 19638              		.loc 1 247 0
 19639 0086 054B     		ldr	r3, .L21
 19640 0088 0193     		str	r3, [sp, #4]
 248:../STM32F10x_StdPeriph_Lib_V3.4.0/Libraries/STM32F10x_StdPeriph_Driver/src/stm32f10x_bkp.c ****   tmp += BKP_DR;
 19641              		.loc 1 248 0
 19642 008a 019B     		ldr	r3, [sp, #4]
 19643 008c C318     		adds	r3, r0, r3
 19644              	.LVL20:
 19645 008e 0193     		str	r3, [sp, #4]
 19646              	.LVL21:
 249:../STM32F10x_StdPeriph_Lib_V3.4.0/Libraries/STM32F10x_StdPeriph_Driver/src/stm32f10x_bkp.c **** 
 250:../STM32F10x_StdPeriph_Lib_V3.4.0/Libraries/STM32F10x_StdPeriph_Driver/src/stm32f10x_bkp.c ****   return (*(__IO uint16_t *) tmp);
 19647              		.loc 1 250 0
 19648 0090 019B     		ldr	r3, [sp, #4]
 19649              	.LVL22:
 19650 0092 1888     		ldrh	r0, [r3, #0]
 19651              	.LVL23:
 251:../STM32F10x_StdPeriph_Lib_V3.4.0/Libraries/STM32F10x_StdPeriph_Driver/src/stm32f10x_bkp.c **** }
 19652              		.loc 1 251 0
 19653 0094 80B2     		uxth	r0, r0
 19654 0096 02B0     		add	sp, sp, #8
 19655 0098 7047     		bx	lr
 19656              	.L22:
 19657 009a 00BF     		.align	2
 19658              	.L21:
 19659 009c 006C0040 		.word	1073769472
 19660              		.cfi_endproc
 19661              	.LFE36:
 19663              		.align	1
 19664              		.global	BKP_GetFlagStatus
 19665              		.thumb
 19666              		.thumb_func
 19668              	BKP_GetFlagStatus:
 19669              	.LFB37:
 252:../STM32F10x_StdPeriph_Lib_V3.4.0/Libraries/STM32F10x_StdPeriph_Driver/src/stm32f10x_bkp.c **** 
 253:../STM32F10x_StdPeriph_Lib_V3.4.0/Libraries/STM32F10x_StdPeriph_Driver/src/stm32f10x_bkp.c **** /**
 254:../STM32F10x_StdPeriph_Lib_V3.4.0/Libraries/STM32F10x_StdPeriph_Driver/src/stm32f10x_bkp.c ****   * @brief  Checks whether the Tamper Pin Event flag is set or not.
 255:../STM32F10x_StdPeriph_Lib_V3.4.0/Libraries/STM32F10x_StdPeriph_Driver/src/stm32f10x_bkp.c ****   * @param  None
 256:../STM32F10x_StdPeriph_Lib_V3.4.0/Libraries/STM32F10x_StdPeriph_Driver/src/stm32f10x_bkp.c ****   * @retval The new state of the Tamper Pin Event flag (SET or RESET).
 257:../STM32F10x_StdPeriph_Lib_V3.4.0/Libraries/STM32F10x_StdPeriph_Driver/src/stm32f10x_bkp.c ****   */
 258:../STM32F10x_StdPeriph_Lib_V3.4.0/Libraries/STM32F10x_StdPeriph_Driver/src/stm32f10x_bkp.c **** FlagStatus BKP_GetFlagStatus(void)
 259:../STM32F10x_StdPeriph_Lib_V3.4.0/Libraries/STM32F10x_StdPeriph_Driver/src/stm32f10x_bkp.c **** {
 19670              		.loc 1 259 0
 19671              		.cfi_startproc
 19672              		@ args = 0, pretend = 0, frame = 0
 19673              		@ frame_needed = 0, uses_anonymous_args = 0
 19674              		@ link register save eliminated.
 260:../STM32F10x_StdPeriph_Lib_V3.4.0/Libraries/STM32F10x_StdPeriph_Driver/src/stm32f10x_bkp.c ****   return (FlagStatus)(*(__IO uint32_t *) CSR_TEF_BB);
 19675              		.loc 1 260 0
 19676 00a0 014B     		ldr	r3, .L24
 19677 00a2 1868     		ldr	r0, [r3, #0]
 261:../STM32F10x_StdPeriph_Lib_V3.4.0/Libraries/STM32F10x_StdPeriph_Driver/src/stm32f10x_bkp.c **** }
 19678              		.loc 1 261 0
 19679 00a4 C0B2     		uxtb	r0, r0
 19680 00a6 7047     		bx	lr
 19681              	.L25:
 19682              		.align	2
 19683              	.L24:
 19684 00a8 A0860D42 		.word	1108182688
 19685              		.cfi_endproc
 19686              	.LFE37:
 19688              		.align	1
 19689              		.global	BKP_ClearFlag
 19690              		.thumb
 19691              		.thumb_func
 19693              	BKP_ClearFlag:
 19694              	.LFB38:
 262:../STM32F10x_StdPeriph_Lib_V3.4.0/Libraries/STM32F10x_StdPeriph_Driver/src/stm32f10x_bkp.c **** 
 263:../STM32F10x_StdPeriph_Lib_V3.4.0/Libraries/STM32F10x_StdPeriph_Driver/src/stm32f10x_bkp.c **** /**
 264:../STM32F10x_StdPeriph_Lib_V3.4.0/Libraries/STM32F10x_StdPeriph_Driver/src/stm32f10x_bkp.c ****   * @brief  Clears Tamper Pin Event pending flag.
 265:../STM32F10x_StdPeriph_Lib_V3.4.0/Libraries/STM32F10x_StdPeriph_Driver/src/stm32f10x_bkp.c ****   * @param  None
 266:../STM32F10x_StdPeriph_Lib_V3.4.0/Libraries/STM32F10x_StdPeriph_Driver/src/stm32f10x_bkp.c ****   * @retval None
 267:../STM32F10x_StdPeriph_Lib_V3.4.0/Libraries/STM32F10x_StdPeriph_Driver/src/stm32f10x_bkp.c ****   */
 268:../STM32F10x_StdPeriph_Lib_V3.4.0/Libraries/STM32F10x_StdPeriph_Driver/src/stm32f10x_bkp.c **** void BKP_ClearFlag(void)
 269:../STM32F10x_StdPeriph_Lib_V3.4.0/Libraries/STM32F10x_StdPeriph_Driver/src/stm32f10x_bkp.c **** {
 19695              		.loc 1 269 0
 19696              		.cfi_startproc
 19697              		@ args = 0, pretend = 0, frame = 0
 19698              		@ frame_needed = 0, uses_anonymous_args = 0
 19699              		@ link register save eliminated.
 270:../STM32F10x_StdPeriph_Lib_V3.4.0/Libraries/STM32F10x_StdPeriph_Driver/src/stm32f10x_bkp.c ****   /* Set CTE bit to clear Tamper Pin Event flag */
 271:../STM32F10x_StdPeriph_Lib_V3.4.0/Libraries/STM32F10x_StdPeriph_Driver/src/stm32f10x_bkp.c ****   BKP->CSR |= BKP_CSR_CTE;
 19700              		.loc 1 271 0
 19701 00ac 034B     		ldr	r3, .L27
 19702 00ae 9A8E     		ldrh	r2, [r3, #52]
 19703 00b0 92B2     		uxth	r2, r2
 19704 00b2 42F00102 		orr	r2, r2, #1
 19705 00b6 9A86     		strh	r2, [r3, #52]	@ movhi
 272:../STM32F10x_StdPeriph_Lib_V3.4.0/Libraries/STM32F10x_StdPeriph_Driver/src/stm32f10x_bkp.c **** }
 19706              		.loc 1 272 0
 19707 00b8 7047     		bx	lr
 19708              	.L28:
 19709 00ba 00BF     		.align	2
 19710              	.L27:
 19711 00bc 006C0040 		.word	1073769472
 19712              		.cfi_endproc
 19713              	.LFE38:
 19715              		.align	1
 19716              		.global	BKP_GetITStatus
 19717              		.thumb
 19718              		.thumb_func
 19720              	BKP_GetITStatus:
 19721              	.LFB39:
 273:../STM32F10x_StdPeriph_Lib_V3.4.0/Libraries/STM32F10x_StdPeriph_Driver/src/stm32f10x_bkp.c **** 
 274:../STM32F10x_StdPeriph_Lib_V3.4.0/Libraries/STM32F10x_StdPeriph_Driver/src/stm32f10x_bkp.c **** /**
 275:../STM32F10x_StdPeriph_Lib_V3.4.0/Libraries/STM32F10x_StdPeriph_Driver/src/stm32f10x_bkp.c ****   * @brief  Checks whether the Tamper Pin Interrupt has occurred or not.
 276:../STM32F10x_StdPeriph_Lib_V3.4.0/Libraries/STM32F10x_StdPeriph_Driver/src/stm32f10x_bkp.c ****   * @param  None
 277:../STM32F10x_StdPeriph_Lib_V3.4.0/Libraries/STM32F10x_StdPeriph_Driver/src/stm32f10x_bkp.c ****   * @retval The new state of the Tamper Pin Interrupt (SET or RESET).
 278:../STM32F10x_StdPeriph_Lib_V3.4.0/Libraries/STM32F10x_StdPeriph_Driver/src/stm32f10x_bkp.c ****   */
 279:../STM32F10x_StdPeriph_Lib_V3.4.0/Libraries/STM32F10x_StdPeriph_Driver/src/stm32f10x_bkp.c **** ITStatus BKP_GetITStatus(void)
 280:../STM32F10x_StdPeriph_Lib_V3.4.0/Libraries/STM32F10x_StdPeriph_Driver/src/stm32f10x_bkp.c **** {
 19722              		.loc 1 280 0
 19723              		.cfi_startproc
 19724              		@ args = 0, pretend = 0, frame = 0
 19725              		@ frame_needed = 0, uses_anonymous_args = 0
 19726              		@ link register save eliminated.
 281:../STM32F10x_StdPeriph_Lib_V3.4.0/Libraries/STM32F10x_StdPeriph_Driver/src/stm32f10x_bkp.c ****   return (ITStatus)(*(__IO uint32_t *) CSR_TIF_BB);
 19727              		.loc 1 281 0
 19728 00c0 014B     		ldr	r3, .L30
 19729 00c2 1868     		ldr	r0, [r3, #0]
 282:../STM32F10x_StdPeriph_Lib_V3.4.0/Libraries/STM32F10x_StdPeriph_Driver/src/stm32f10x_bkp.c **** }
 19730              		.loc 1 282 0
 19731 00c4 C0B2     		uxtb	r0, r0
 19732 00c6 7047     		bx	lr
 19733              	.L31:
 19734              		.align	2
 19735              	.L30:
 19736 00c8 A4860D42 		.word	1108182692
 19737              		.cfi_endproc
 19738              	.LFE39:
 19740              		.align	1
 19741              		.global	BKP_ClearITPendingBit
 19742              		.thumb
 19743              		.thumb_func
 19745              	BKP_ClearITPendingBit:
 19746              	.LFB40:
 283:../STM32F10x_StdPeriph_Lib_V3.4.0/Libraries/STM32F10x_StdPeriph_Driver/src/stm32f10x_bkp.c **** 
 284:../STM32F10x_StdPeriph_Lib_V3.4.0/Libraries/STM32F10x_StdPeriph_Driver/src/stm32f10x_bkp.c **** /**
 285:../STM32F10x_StdPeriph_Lib_V3.4.0/Libraries/STM32F10x_StdPeriph_Driver/src/stm32f10x_bkp.c ****   * @brief  Clears Tamper Pin Interrupt pending bit.
 286:../STM32F10x_StdPeriph_Lib_V3.4.0/Libraries/STM32F10x_StdPeriph_Driver/src/stm32f10x_bkp.c ****   * @param  None
 287:../STM32F10x_StdPeriph_Lib_V3.4.0/Libraries/STM32F10x_StdPeriph_Driver/src/stm32f10x_bkp.c ****   * @retval None
 288:../STM32F10x_StdPeriph_Lib_V3.4.0/Libraries/STM32F10x_StdPeriph_Driver/src/stm32f10x_bkp.c ****   */
 289:../STM32F10x_StdPeriph_Lib_V3.4.0/Libraries/STM32F10x_StdPeriph_Driver/src/stm32f10x_bkp.c **** void BKP_ClearITPendingBit(void)
 290:../STM32F10x_StdPeriph_Lib_V3.4.0/Libraries/STM32F10x_StdPeriph_Driver/src/stm32f10x_bkp.c **** {
 19747              		.loc 1 290 0
 19748              		.cfi_startproc
 19749              		@ args = 0, pretend = 0, frame = 0
 19750              		@ frame_needed = 0, uses_anonymous_args = 0
 19751              		@ link register save eliminated.
 291:../STM32F10x_StdPeriph_Lib_V3.4.0/Libraries/STM32F10x_StdPeriph_Driver/src/stm32f10x_bkp.c ****   /* Set CTI bit to clear Tamper Pin Interrupt pending bit */
 292:../STM32F10x_StdPeriph_Lib_V3.4.0/Libraries/STM32F10x_StdPeriph_Driver/src/stm32f10x_bkp.c ****   BKP->CSR |= BKP_CSR_CTI;
 19752              		.loc 1 292 0
 19753 00cc 034B     		ldr	r3, .L33
 19754 00ce 9A8E     		ldrh	r2, [r3, #52]
 19755 00d0 92B2     		uxth	r2, r2
 19756 00d2 42F00202 		orr	r2, r2, #2
 19757 00d6 9A86     		strh	r2, [r3, #52]	@ movhi
 293:../STM32F10x_StdPeriph_Lib_V3.4.0/Libraries/STM32F10x_StdPeriph_Driver/src/stm32f10x_bkp.c **** }
 19758              		.loc 1 293 0
 19759 00d8 7047     		bx	lr
 19760              	.L34:
 19761 00da 00BF     		.align	2
 19762              	.L33:
 19763 00dc 006C0040 		.word	1073769472
 19764              		.cfi_endproc
 19765              	.LFE40:
 19767              	.Letext0:
DEFINED SYMBOLS
                            *ABS*:00000000 stm32f10x_bkp.c
C:\DOCUME~1\Przemek\USTAWI~1\Temp\ccFsk8zR.s:19396  .text:00000000 $t
C:\DOCUME~1\Przemek\USTAWI~1\Temp\ccFsk8zR.s:19401  .text:00000000 BKP_DeInit
C:\DOCUME~1\Przemek\USTAWI~1\Temp\ccFsk8zR.s:19431  .text:00000012 BKP_TamperPinLevelConfig
C:\DOCUME~1\Przemek\USTAWI~1\Temp\ccFsk8zR.s:19447  .text:00000018 $d
C:\DOCUME~1\Przemek\USTAWI~1\Temp\ccFsk8zR.s:19451  .text:0000001c $t
C:\DOCUME~1\Przemek\USTAWI~1\Temp\ccFsk8zR.s:19456  .text:0000001c BKP_TamperPinCmd
C:\DOCUME~1\Przemek\USTAWI~1\Temp\ccFsk8zR.s:19472  .text:00000024 $d
C:\DOCUME~1\Przemek\USTAWI~1\Temp\ccFsk8zR.s:19476  .text:00000028 $t
C:\DOCUME~1\Przemek\USTAWI~1\Temp\ccFsk8zR.s:19481  .text:00000028 BKP_ITConfig
C:\DOCUME~1\Przemek\USTAWI~1\Temp\ccFsk8zR.s:19497  .text:00000030 $d
C:\DOCUME~1\Przemek\USTAWI~1\Temp\ccFsk8zR.s:19501  .text:00000034 $t
C:\DOCUME~1\Przemek\USTAWI~1\Temp\ccFsk8zR.s:19506  .text:00000034 BKP_RTCOutputConfig
C:\DOCUME~1\Przemek\USTAWI~1\Temp\ccFsk8zR.s:19534  .text:00000048 $d
C:\DOCUME~1\Przemek\USTAWI~1\Temp\ccFsk8zR.s:19538  .text:0000004c $t
C:\DOCUME~1\Przemek\USTAWI~1\Temp\ccFsk8zR.s:19543  .text:0000004c BKP_SetRTCCalibrationValue
C:\DOCUME~1\Przemek\USTAWI~1\Temp\ccFsk8zR.s:19571  .text:00000060 $d
C:\DOCUME~1\Przemek\USTAWI~1\Temp\ccFsk8zR.s:19575  .text:00000064 $t
C:\DOCUME~1\Przemek\USTAWI~1\Temp\ccFsk8zR.s:19580  .text:00000064 BKP_WriteBackupRegister
C:\DOCUME~1\Przemek\USTAWI~1\Temp\ccFsk8zR.s:19614  .text:0000007c $d
C:\DOCUME~1\Przemek\USTAWI~1\Temp\ccFsk8zR.s:19618  .text:00000080 $t
C:\DOCUME~1\Przemek\USTAWI~1\Temp\ccFsk8zR.s:19623  .text:00000080 BKP_ReadBackupRegister
C:\DOCUME~1\Przemek\USTAWI~1\Temp\ccFsk8zR.s:19659  .text:0000009c $d
C:\DOCUME~1\Przemek\USTAWI~1\Temp\ccFsk8zR.s:19663  .text:000000a0 $t
C:\DOCUME~1\Przemek\USTAWI~1\Temp\ccFsk8zR.s:19668  .text:000000a0 BKP_GetFlagStatus
C:\DOCUME~1\Przemek\USTAWI~1\Temp\ccFsk8zR.s:19684  .text:000000a8 $d
C:\DOCUME~1\Przemek\USTAWI~1\Temp\ccFsk8zR.s:19688  .text:000000ac $t
C:\DOCUME~1\Przemek\USTAWI~1\Temp\ccFsk8zR.s:19693  .text:000000ac BKP_ClearFlag
C:\DOCUME~1\Przemek\USTAWI~1\Temp\ccFsk8zR.s:19711  .text:000000bc $d
C:\DOCUME~1\Przemek\USTAWI~1\Temp\ccFsk8zR.s:19715  .text:000000c0 $t
C:\DOCUME~1\Przemek\USTAWI~1\Temp\ccFsk8zR.s:19720  .text:000000c0 BKP_GetITStatus
C:\DOCUME~1\Przemek\USTAWI~1\Temp\ccFsk8zR.s:19736  .text:000000c8 $d
C:\DOCUME~1\Przemek\USTAWI~1\Temp\ccFsk8zR.s:19740  .text:000000cc $t
C:\DOCUME~1\Przemek\USTAWI~1\Temp\ccFsk8zR.s:19745  .text:000000cc BKP_ClearITPendingBit
C:\DOCUME~1\Przemek\USTAWI~1\Temp\ccFsk8zR.s:19763  .text:000000dc $d
                     .debug_frame:00000010 $d

UNDEFINED SYMBOLS
RCC_BackupResetCmd
